Using pre-set license
Built from '2020.3/staging' branch; Version is '2020.3.10f1 (297d780c91bc) revision 2719096'; Using compiler version '192528614'; Build Type 'Release'
OS: 'Windows 10 Pro; OS build 19044.1645; Version 2009; 64bit' Language: 'es' Physical Memory: 16301 MB
BatchMode: 1, IsHumanControllingUs: 0, StartBugReporterOnCrash: 0, Is64bit: 1, IsPro: 0

 COMMAND LINE ARGUMENTS:
C:\Program Files\Unity\Hub\Editor\2020.3.10f1\Editor\Unity.exe
-adb2
-batchMode
-noUpm
-name
AssetImportWorker0
-projectPath
C:/Users/gonch/Documents/GitHub/Facultad/26Abril/Clase 26 de abril
-logFile
Logs/AssetImportWorker0.log
-srvPort
49675
Successfully changed project path to: C:/Users/gonch/Documents/GitHub/Facultad/26Abril/Clase 26 de abril
C:/Users/gonch/Documents/GitHub/Facultad/26Abril/Clase 26 de abril
Using Asset Import Pipeline V2.
Refreshing native plugins compatible for Editor in 30.75 ms, found 3 plugins.
Preloading 0 native plugins for Editor in 0.00 ms.
Initialize engine version: 2020.3.10f1 (297d780c91bc)
[Subsystems] Discovering subsystems at path C:/Program Files/Unity/Hub/Editor/2020.3.10f1/Editor/Data/Resources/UnitySubsystems
[Subsystems] Discovering subsystems at path C:/Users/gonch/Documents/GitHub/Facultad/26Abril/Clase 26 de abril/Assets
GfxDevice: creating device client; threaded=0
Direct3D:
    Version:  Direct3D 11.0 [level 11.1]
    Renderer: NVIDIA GeForce GTX 1060 6GB (ID=0x1c03)
    Vendor:   
    VRAM:     6052 MB
    Driver:   30.0.14.9729
Initialize mono
Mono path[0] = 'C:/Program Files/Unity/Hub/Editor/2020.3.10f1/Editor/Data/Managed'
Mono path[1] = 'C:/Program Files/Unity/Hub/Editor/2020.3.10f1/Editor/Data/MonoBleedingEdge/lib/mono/unityjit'
Mono config path = 'C:/Program Files/Unity/Hub/Editor/2020.3.10f1/Editor/Data/MonoBleedingEdge/etc'
Using monoOptions --debugger-agent=transport=dt_socket,embedding=1,server=y,suspend=n,address=127.0.0.1:56392
Begin MonoManager ReloadAssembly
Registering precompiled unity dll's ...
Register platform support module: C:/Program Files/Unity/Hub/Editor/2020.3.10f1/Editor/Data/PlaybackEngines/WindowsStandaloneSupport/UnityEditor.WindowsStandalone.Extensions.dll
Registered in 0.002231 seconds.
Native extension for WindowsStandalone target not found
Refreshing native plugins compatible for Editor in 28.36 ms, found 3 plugins.
Preloading 0 native plugins for Editor in 0.00 ms.
Mono: successfully reloaded assembly
- Completed reload, in  1.468 seconds
Platform modules already initialized, skipping
Registering precompiled user dll's ...
Registered in 0.005801 seconds.
Begin MonoManager ReloadAssembly
Native extension for WindowsStandalone target not found
Refreshing native plugins compatible for Editor in 26.87 ms, found 3 plugins.
Preloading 0 native plugins for Editor in 0.00 ms.
Mono: successfully reloaded assembly
- Completed reload, in  0.754 seconds
Platform modules already initialized, skipping
========================================================================
Worker process is ready to serve import requests
Launched and connected shader compiler UnityShaderCompiler.exe after 0.03 seconds
Refreshing native plugins compatible for Editor in 0.44 ms, found 3 plugins.
Preloading 0 native plugins for Editor in 0.00 ms.
Unloading 2090 Unused Serialized files (Serialized files now loaded: 0)
System memory in use before: 93.1 MB.
System memory in use after: 93.0 MB.

Unloading 33 unused Assets to reduce memory usage. Loaded Objects now: 2524.
Total: 1.924100 ms (FindLiveObjects: 0.192300 ms CreateObjectMapping: 0.048900 ms MarkObjects: 1.576400 ms  DeleteObjects: 0.105600 ms)

========================================================================
Received Import Request.
  path: Assets/Scenes/Enemigos.unity
  artifactKey: Guid(e85ab81dd91fc2143b2c5714c90a9c94) Importer(815301076,1909f56bfc062723c751e8b465ee728b)
Start importing Assets/Scenes/Enemigos.unity using Guid(e85ab81dd91fc2143b2c5714c90a9c94) Importer(815301076,1909f56bfc062723c751e8b465ee728b)  -> (artifact id: '2a66d9e1f4e8e7eb3843c5b51897b268') in 0.010670 seconds
  Import took 0.013051 seconds .

========================================================================
Received Prepare
Registering precompiled user dll's ...
Registered in 0.005324 seconds.
Begin MonoManager ReloadAssembly
Native extension for WindowsStandalone target not found
Refreshing native plugins compatible for Editor in 0.45 ms, found 3 plugins.
Preloading 0 native plugins for Editor in 0.00 ms.
Mono: successfully reloaded assembly
- Completed reload, in  0.711 seconds
Platform modules already initialized, skipping
Refreshing native plugins compatible for Editor in 0.42 ms, found 3 plugins.
Preloading 0 native plugins for Editor in 0.00 ms.
Unloading 2086 Unused Serialized files (Serialized files now loaded: 0)
System memory in use before: 93.1 MB.
System memory in use after: 93.0 MB.

Unloading 21 unused Assets to reduce memory usage. Loaded Objects now: 2529.
Total: 2.394300 ms (FindLiveObjects: 0.184600 ms CreateObjectMapping: 0.062700 ms MarkObjects: 2.067400 ms  DeleteObjects: 0.078800 ms)

========================================================================
Received Prepare
Registering precompiled user dll's ...
Registered in 0.005252 seconds.
Begin MonoManager ReloadAssembly
Native extension for WindowsStandalone target not found
Refreshing native plugins compatible for Editor in 0.45 ms, found 3 plugins.
Preloading 0 native plugins for Editor in 0.00 ms.
Mono: successfully reloaded assembly
- Completed reload, in  0.692 seconds
Platform modules already initialized, skipping
Refreshing native plugins compatible for Editor in 0.37 ms, found 3 plugins.
Preloading 0 native plugins for Editor in 0.00 ms.
Unloading 2086 Unused Serialized files (Serialized files now loaded: 0)
System memory in use before: 93.1 MB.
System memory in use after: 93.1 MB.

Unloading 21 unused Assets to reduce memory usage. Loaded Objects now: 2533.
Total: 1.987700 ms (FindLiveObjects: 0.158700 ms CreateObjectMapping: 0.056300 ms MarkObjects: 1.714400 ms  DeleteObjects: 0.057600 ms)

========================================================================
Received Prepare
Registering precompiled user dll's ...
Registered in 0.005230 seconds.
Begin MonoManager ReloadAssembly
Native extension for WindowsStandalone target not found
Refreshing native plugins compatible for Editor in 0.47 ms, found 3 plugins.
Preloading 0 native plugins for Editor in 0.00 ms.
Mono: successfully reloaded assembly
- Completed reload, in  0.699 seconds
Platform modules already initialized, skipping
Refreshing native plugins compatible for Editor in 0.38 ms, found 3 plugins.
Preloading 0 native plugins for Editor in 0.00 ms.
Unloading 2087 Unused Serialized files (Serialized files now loaded: 0)
System memory in use before: 93.1 MB.
System memory in use after: 93.1 MB.

Unloading 21 unused Assets to reduce memory usage. Loaded Objects now: 2538.
Total: 1.971700 ms (FindLiveObjects: 0.136900 ms CreateObjectMapping: 0.052300 ms MarkObjects: 1.711200 ms  DeleteObjects: 0.070500 ms)

========================================================================
Received Prepare
Registering precompiled user dll's ...
Registered in 0.005286 seconds.
Begin MonoManager ReloadAssembly
Native extension for WindowsStandalone target not found
Refreshing native plugins compatible for Editor in 0.50 ms, found 3 plugins.
Preloading 0 native plugins for Editor in 0.00 ms.
Mono: successfully reloaded assembly
- Completed reload, in  0.697 seconds
Platform modules already initialized, skipping
Refreshing native plugins compatible for Editor in 0.39 ms, found 3 plugins.
Preloading 0 native plugins for Editor in 0.00 ms.
Unloading 2087 Unused Serialized files (Serialized files now loaded: 0)
System memory in use before: 93.2 MB.
System memory in use after: 93.1 MB.

Unloading 21 unused Assets to reduce memory usage. Loaded Objects now: 2542.
Total: 2.228300 ms (FindLiveObjects: 0.275600 ms CreateObjectMapping: 0.074900 ms MarkObjects: 1.811300 ms  DeleteObjects: 0.065600 ms)

========================================================================
Received Prepare
Registering precompiled user dll's ...
Registered in 0.005275 seconds.
Begin MonoManager ReloadAssembly
Native extension for WindowsStandalone target not found
Refreshing native plugins compatible for Editor in 0.47 ms, found 3 plugins.
Preloading 0 native plugins for Editor in 0.00 ms.
Mono: successfully reloaded assembly
- Completed reload, in  0.801 seconds
Platform modules already initialized, skipping
Refreshing native plugins compatible for Editor in 0.49 ms, found 3 plugins.
Preloading 0 native plugins for Editor in 0.00 ms.
Unloading 2087 Unused Serialized files (Serialized files now loaded: 0)
System memory in use before: 93.2 MB.
System memory in use after: 93.1 MB.

Unloading 21 unused Assets to reduce memory usage. Loaded Objects now: 2546.
Total: 2.270400 ms (FindLiveObjects: 0.221200 ms CreateObjectMapping: 0.090100 ms MarkObjects: 1.877000 ms  DeleteObjects: 0.081400 ms)

========================================================================
Received Prepare
Registering precompiled user dll's ...
Registered in 0.005731 seconds.
Begin MonoManager ReloadAssembly
Native extension for WindowsStandalone target not found
Refreshing native plugins compatible for Editor in 0.46 ms, found 3 plugins.
Preloading 0 native plugins for Editor in 0.00 ms.
Mono: successfully reloaded assembly
- Completed reload, in  0.688 seconds
Platform modules already initialized, skipping
Refreshing native plugins compatible for Editor in 0.47 ms, found 3 plugins.
Preloading 0 native plugins for Editor in 0.00 ms.
Unloading 2087 Unused Serialized files (Serialized files now loaded: 0)
System memory in use before: 93.2 MB.
System memory in use after: 93.1 MB.

Unloading 21 unused Assets to reduce memory usage. Loaded Objects now: 2550.
Total: 2.240500 ms (FindLiveObjects: 0.218700 ms CreateObjectMapping: 0.085200 ms MarkObjects: 1.836900 ms  DeleteObjects: 0.096600 ms)

========================================================================
Received Prepare
Registering precompiled user dll's ...
Registered in 0.006585 seconds.
Begin MonoManager ReloadAssembly
Native extension for WindowsStandalone target not found
Refreshing native plugins compatible for Editor in 0.51 ms, found 3 plugins.
Preloading 0 native plugins for Editor in 0.00 ms.
Mono: successfully reloaded assembly
- Completed reload, in  0.803 seconds
Platform modules already initialized, skipping
Refreshing native plugins compatible for Editor in 0.47 ms, found 3 plugins.
Preloading 0 native plugins for Editor in 0.00 ms.
Unloading 2087 Unused Serialized files (Serialized files now loaded: 0)
System memory in use before: 93.2 MB.
System memory in use after: 93.2 MB.

Unloading 21 unused Assets to reduce memory usage. Loaded Objects now: 2554.
Total: 2.013600 ms (FindLiveObjects: 0.184400 ms CreateObjectMapping: 0.061700 ms MarkObjects: 1.704000 ms  DeleteObjects: 0.062900 ms)

========================================================================
Received Prepare
Registering precompiled user dll's ...
Registered in 0.005757 seconds.
Begin MonoManager ReloadAssembly
Native extension for WindowsStandalone target not found
Refreshing native plugins compatible for Editor in 0.46 ms, found 3 plugins.
Preloading 0 native plugins for Editor in 0.00 ms.
Mono: successfully reloaded assembly
- Completed reload, in  0.696 seconds
Platform modules already initialized, skipping
Refreshing native plugins compatible for Editor in 0.38 ms, found 3 plugins.
Preloading 0 native plugins for Editor in 0.00 ms.
Unloading 2087 Unused Serialized files (Serialized files now loaded: 0)
System memory in use before: 93.2 MB.
System memory in use after: 93.2 MB.

Unloading 21 unused Assets to reduce memory usage. Loaded Objects now: 2558.
Total: 1.982200 ms (FindLiveObjects: 0.177400 ms CreateObjectMapping: 0.061900 ms MarkObjects: 1.679800 ms  DeleteObjects: 0.062500 ms)

========================================================================
Received Prepare
Registering precompiled user dll's ...
Registered in 0.005049 seconds.
Begin MonoManager ReloadAssembly
Native extension for WindowsStandalone target not found
Refreshing native plugins compatible for Editor in 0.45 ms, found 3 plugins.
Preloading 0 native plugins for Editor in 0.00 ms.
Mono: successfully reloaded assembly
- Completed reload, in  0.705 seconds
Platform modules already initialized, skipping
Refreshing native plugins compatible for Editor in 0.41 ms, found 3 plugins.
Preloading 0 native plugins for Editor in 0.00 ms.
Unloading 2087 Unused Serialized files (Serialized files now loaded: 0)
System memory in use before: 93.2 MB.
System memory in use after: 93.2 MB.

Unloading 21 unused Assets to reduce memory usage. Loaded Objects now: 2562.
Total: 2.146000 ms (FindLiveObjects: 0.183200 ms CreateObjectMapping: 0.062900 ms MarkObjects: 1.823900 ms  DeleteObjects: 0.075200 ms)

========================================================================
Received Prepare
Registering precompiled user dll's ...
Registered in 0.005300 seconds.
Begin MonoManager ReloadAssembly
Native extension for WindowsStandalone target not found
Refreshing native plugins compatible for Editor in 0.45 ms, found 3 plugins.
Preloading 0 native plugins for Editor in 0.00 ms.
Mono: successfully reloaded assembly
- Completed reload, in  0.688 seconds
Platform modules already initialized, skipping
Refreshing native plugins compatible for Editor in 0.32 ms, found 3 plugins.
Preloading 0 native plugins for Editor in 0.00 ms.
Unloading 2087 Unused Serialized files (Serialized files now loaded: 0)
System memory in use before: 93.2 MB.
System memory in use after: 93.2 MB.

Unloading 21 unused Assets to reduce memory usage. Loaded Objects now: 2566.
Total: 1.961500 ms (FindLiveObjects: 0.137500 ms CreateObjectMapping: 0.047900 ms MarkObjects: 1.718400 ms  DeleteObjects: 0.056900 ms)

========================================================================
Received Prepare
Registering precompiled user dll's ...
Registered in 0.006652 seconds.
Begin MonoManager ReloadAssembly
Native extension for WindowsStandalone target not found
Refreshing native plugins compatible for Editor in 0.48 ms, found 3 plugins.
Preloading 0 native plugins for Editor in 0.00 ms.
Mono: successfully reloaded assembly
- Completed reload, in  0.829 seconds
Platform modules already initialized, skipping
Refreshing native plugins compatible for Editor in 0.41 ms, found 3 plugins.
Preloading 0 native plugins for Editor in 0.00 ms.
Unloading 2087 Unused Serialized files (Serialized files now loaded: 0)
System memory in use before: 93.2 MB.
System memory in use after: 93.2 MB.

Unloading 21 unused Assets to reduce memory usage. Loaded Objects now: 2570.
Total: 2.146800 ms (FindLiveObjects: 0.181900 ms CreateObjectMapping: 0.065100 ms MarkObjects: 1.830300 ms  DeleteObjects: 0.068600 ms)

========================================================================
Received Prepare
Registering precompiled user dll's ...
Registered in 0.004918 seconds.
Begin MonoManager ReloadAssembly
Native extension for WindowsStandalone target not found
Refreshing native plugins compatible for Editor in 0.46 ms, found 3 plugins.
Preloading 0 native plugins for Editor in 0.00 ms.
Mono: successfully reloaded assembly
- Completed reload, in  0.707 seconds
Platform modules already initialized, skipping
Refreshing native plugins compatible for Editor in 0.41 ms, found 3 plugins.
Preloading 0 native plugins for Editor in 0.00 ms.
Unloading 2087 Unused Serialized files (Serialized files now loaded: 0)
System memory in use before: 93.2 MB.
System memory in use after: 93.2 MB.

Unloading 21 unused Assets to reduce memory usage. Loaded Objects now: 2574.
Total: 2.135400 ms (FindLiveObjects: 0.196000 ms CreateObjectMapping: 0.068400 ms MarkObjects: 1.780600 ms  DeleteObjects: 0.089500 ms)

========================================================================
Received Prepare
Registering precompiled user dll's ...
Registered in 0.005530 seconds.
Begin MonoManager ReloadAssembly
Native extension for WindowsStandalone target not found
Refreshing native plugins compatible for Editor in 0.48 ms, found 3 plugins.
Preloading 0 native plugins for Editor in 0.00 ms.
Mono: successfully reloaded assembly
- Completed reload, in  0.717 seconds
Platform modules already initialized, skipping
Refreshing native plugins compatible for Editor in 0.42 ms, found 3 plugins.
Preloading 0 native plugins for Editor in 0.00 ms.
Unloading 2087 Unused Serialized files (Serialized files now loaded: 0)
System memory in use before: 93.2 MB.
System memory in use after: 93.2 MB.

Unloading 21 unused Assets to reduce memory usage. Loaded Objects now: 2578.
Total: 2.197900 ms (FindLiveObjects: 0.204200 ms CreateObjectMapping: 0.077500 ms MarkObjects: 1.836000 ms  DeleteObjects: 0.079400 ms)

========================================================================
Received Prepare
Registering precompiled user dll's ...
Registered in 0.005631 seconds.
Begin MonoManager ReloadAssembly
Native extension for WindowsStandalone target not found
Refreshing native plugins compatible for Editor in 0.47 ms, found 3 plugins.
Preloading 0 native plugins for Editor in 0.00 ms.
Mono: successfully reloaded assembly
- Completed reload, in  0.709 seconds
Platform modules already initialized, skipping
Refreshing native plugins compatible for Editor in 0.42 ms, found 3 plugins.
Preloading 0 native plugins for Editor in 0.00 ms.
Unloading 2087 Unused Serialized files (Serialized files now loaded: 0)
System memory in use before: 93.2 MB.
System memory in use after: 93.2 MB.

Unloading 21 unused Assets to reduce memory usage. Loaded Objects now: 2582.
Total: 2.061700 ms (FindLiveObjects: 0.187400 ms CreateObjectMapping: 0.065900 ms MarkObjects: 1.731900 ms  DeleteObjects: 0.075800 ms)

========================================================================
Received Import Request.
  Time since last request: 1218.473240 seconds.
  path: Assets/Movement.cs
  artifactKey: Guid(6d809eec00273924aa698d48615003c9) Importer(815301076,1909f56bfc062723c751e8b465ee728b)
Start importing Assets/Movement.cs using Guid(6d809eec00273924aa698d48615003c9) Importer(815301076,1909f56bfc062723c751e8b465ee728b)  -> (artifact id: '0850fe393b7d0a41928e399df786d546') in 0.022573 seconds
  Import took 0.025519 seconds .

========================================================================
Received Import Request.
  Time since last request: 7.483528 seconds.
  path: Assets/Enemy.cs
  artifactKey: Guid(a2cb437a7be1e314180ca3c8cbf5ba9b) Importer(815301076,1909f56bfc062723c751e8b465ee728b)
Start importing Assets/Enemy.cs using Guid(a2cb437a7be1e314180ca3c8cbf5ba9b) Importer(815301076,1909f56bfc062723c751e8b465ee728b)  -> (artifact id: 'aeec1928de94fa2adc25a826099e9fab') in 0.002576 seconds
  Import took 0.005339 seconds .

========================================================================
Received Prepare
Registering precompiled user dll's ...
Registered in 0.005334 seconds.
Begin MonoManager ReloadAssembly
Native extension for WindowsStandalone target not found
Refreshing native plugins compatible for Editor in 0.47 ms, found 3 plugins.
Preloading 0 native plugins for Editor in 0.00 ms.
Mono: successfully reloaded assembly
- Completed reload, in  0.750 seconds
Platform modules already initialized, skipping
Refreshing native plugins compatible for Editor in 0.42 ms, found 3 plugins.
Preloading 0 native plugins for Editor in 0.00 ms.
Unloading 2088 Unused Serialized files (Serialized files now loaded: 0)
System memory in use before: 93.3 MB.
System memory in use after: 93.3 MB.

Unloading 21 unused Assets to reduce memory usage. Loaded Objects now: 2587.
Total: 2.120900 ms (FindLiveObjects: 0.178400 ms CreateObjectMapping: 0.060700 ms MarkObjects: 1.798100 ms  DeleteObjects: 0.082900 ms)

========================================================================
Received Prepare
Registering precompiled user dll's ...
Registered in 0.005275 seconds.
Begin MonoManager ReloadAssembly
Native extension for WindowsStandalone target not found
Refreshing native plugins compatible for Editor in 0.52 ms, found 3 plugins.
Preloading 0 native plugins for Editor in 0.00 ms.
Mono: successfully reloaded assembly
- Completed reload, in  0.712 seconds
Platform modules already initialized, skipping
Refreshing native plugins compatible for Editor in 0.41 ms, found 3 plugins.
Preloading 0 native plugins for Editor in 0.00 ms.
Unloading 2088 Unused Serialized files (Serialized files now loaded: 0)
System memory in use before: 93.3 MB.
System memory in use after: 93.3 MB.

Unloading 21 unused Assets to reduce memory usage. Loaded Objects now: 2591.
Total: 1.930800 ms (FindLiveObjects: 0.161100 ms CreateObjectMapping: 0.050200 ms MarkObjects: 1.643300 ms  DeleteObjects: 0.075700 ms)

========================================================================
Received Prepare
Registering precompiled user dll's ...
Registered in 0.005108 seconds.
Begin MonoManager ReloadAssembly
Native extension for WindowsStandalone target not found
Refreshing native plugins compatible for Editor in 0.50 ms, found 3 plugins.
Preloading 0 native plugins for Editor in 0.00 ms.
Mono: successfully reloaded assembly
- Completed reload, in  0.694 seconds
Platform modules already initialized, skipping
Refreshing native plugins compatible for Editor in 0.44 ms, found 3 plugins.
Preloading 0 native plugins for Editor in 0.00 ms.
Unloading 2087 Unused Serialized files (Serialized files now loaded: 0)
System memory in use before: 93.3 MB.
System memory in use after: 93.2 MB.

Unloading 22 unused Assets to reduce memory usage. Loaded Objects now: 2594.
Total: 2.112400 ms (FindLiveObjects: 0.186000 ms CreateObjectMapping: 0.041300 ms MarkObjects: 1.782900 ms  DeleteObjects: 0.101300 ms)

========================================================================
Received Import Request.
  Time since last request: 44.949712 seconds.
  path: Assets/Movement.cs
  artifactKey: Guid(6d809eec00273924aa698d48615003c9) Importer(815301076,1909f56bfc062723c751e8b465ee728b)
Start importing Assets/Movement.cs using Guid(6d809eec00273924aa698d48615003c9) Importer(815301076,1909f56bfc062723c751e8b465ee728b)  -> (artifact id: 'ca02044eeed1cb5066383a01d54e7c78') in 0.004948 seconds
  Import took 0.007588 seconds .

========================================================================
Received Import Request.
  Time since last request: 7.808433 seconds.
  path: Assets/Objeto.cs
  artifactKey: Guid(d4307e28d8128e040ae271b0653bf280) Importer(815301076,1909f56bfc062723c751e8b465ee728b)
Start importing Assets/Objeto.cs using Guid(d4307e28d8128e040ae271b0653bf280) Importer(815301076,1909f56bfc062723c751e8b465ee728b)  -> (artifact id: 'b0be9551cca02e68d99d0a72c9fc79ee') in 0.002714 seconds
  Import took 0.005390 seconds .

========================================================================
Received Prepare
Registering precompiled user dll's ...
Registered in 0.005472 seconds.
Begin MonoManager ReloadAssembly
Native extension for WindowsStandalone target not found
Refreshing native plugins compatible for Editor in 0.48 ms, found 3 plugins.
Preloading 0 native plugins for Editor in 0.00 ms.
Mono: successfully reloaded assembly
- Completed reload, in  0.759 seconds
Platform modules already initialized, skipping
Refreshing native plugins compatible for Editor in 0.46 ms, found 3 plugins.
Preloading 0 native plugins for Editor in 0.00 ms.
Unloading 2088 Unused Serialized files (Serialized files now loaded: 0)
System memory in use before: 93.3 MB.
System memory in use after: 93.3 MB.

Unloading 21 unused Assets to reduce memory usage. Loaded Objects now: 2599.
Total: 2.341200 ms (FindLiveObjects: 0.193200 ms CreateObjectMapping: 0.058400 ms MarkObjects: 1.988700 ms  DeleteObjects: 0.099800 ms)

========================================================================
Received Prepare
Registering precompiled user dll's ...
Registered in 0.005601 seconds.
Begin MonoManager ReloadAssembly
Native extension for WindowsStandalone target not found
Refreshing native plugins compatible for Editor in 0.46 ms, found 3 plugins.
Preloading 0 native plugins for Editor in 0.00 ms.
Mono: successfully reloaded assembly
- Completed reload, in  0.697 seconds
Platform modules already initialized, skipping
Refreshing native plugins compatible for Editor in 0.43 ms, found 3 plugins.
Preloading 0 native plugins for Editor in 0.00 ms.
Unloading 2088 Unused Serialized files (Serialized files now loaded: 0)
System memory in use before: 93.3 MB.
System memory in use after: 93.3 MB.

Unloading 21 unused Assets to reduce memory usage. Loaded Objects now: 2603.
Total: 2.242100 ms (FindLiveObjects: 0.193600 ms CreateObjectMapping: 0.064400 ms MarkObjects: 1.893300 ms  DeleteObjects: 0.089900 ms)

========================================================================
Received Import Request.
  Time since last request: 73.579782 seconds.
  path: Assets/Objeto.cs
  artifactKey: Guid(d4307e28d8128e040ae271b0653bf280) Importer(815301076,1909f56bfc062723c751e8b465ee728b)
Start importing Assets/Objeto.cs using Guid(d4307e28d8128e040ae271b0653bf280) Importer(815301076,1909f56bfc062723c751e8b465ee728b)  -> (artifact id: 'c30951b86b92603980b9c97ba4f20a3d') in 0.005202 seconds
  Import took 0.007764 seconds .

========================================================================
Received Prepare
Registering precompiled user dll's ...
Registered in 0.006063 seconds.
Begin MonoManager ReloadAssembly
Native extension for WindowsStandalone target not found
Refreshing native plugins compatible for Editor in 0.46 ms, found 3 plugins.
Preloading 0 native plugins for Editor in 0.00 ms.
Mono: successfully reloaded assembly
- Completed reload, in  0.708 seconds
Platform modules already initialized, skipping
Refreshing native plugins compatible for Editor in 0.52 ms, found 3 plugins.
Preloading 0 native plugins for Editor in 0.00 ms.
Unloading 2088 Unused Serialized files (Serialized files now loaded: 0)
System memory in use before: 93.3 MB.
System memory in use after: 93.3 MB.

Unloading 21 unused Assets to reduce memory usage. Loaded Objects now: 2607.
Total: 2.020500 ms (FindLiveObjects: 0.184500 ms CreateObjectMapping: 0.055400 ms MarkObjects: 1.706200 ms  DeleteObjects: 0.073700 ms)

========================================================================
Received Import Request.
  Time since last request: 96.476919 seconds.
  path: Assets/Objeto.cs
  artifactKey: Guid(d4307e28d8128e040ae271b0653bf280) Importer(815301076,1909f56bfc062723c751e8b465ee728b)
Start importing Assets/Objeto.cs using Guid(d4307e28d8128e040ae271b0653bf280) Importer(815301076,1909f56bfc062723c751e8b465ee728b)  -> (artifact id: 'f9b87b14f700535c5a347baec14f980b') in 0.004878 seconds
  Import took 0.007329 seconds .

========================================================================
Received Import Request.
  Time since last request: 24.833242 seconds.
  path: Assets/Movimiento_1.cs
  artifactKey: Guid(997a7f02a27ba9b45ba9d123ad09487f) Importer(815301076,1909f56bfc062723c751e8b465ee728b)
Start importing Assets/Movimiento_1.cs using Guid(997a7f02a27ba9b45ba9d123ad09487f) Importer(815301076,1909f56bfc062723c751e8b465ee728b)  -> (artifact id: '5c0df945e41a7c53872e52dd01dc222d') in 0.002688 seconds
  Import took 0.005483 seconds .

========================================================================
Received Prepare
Registering precompiled user dll's ...
Registered in 0.005665 seconds.
Begin MonoManager ReloadAssembly
Native extension for WindowsStandalone target not found
Refreshing native plugins compatible for Editor in 0.46 ms, found 3 plugins.
Preloading 0 native plugins for Editor in 0.00 ms.
Mono: successfully reloaded assembly
- Completed reload, in  0.730 seconds
Platform modules already initialized, skipping
Refreshing native plugins compatible for Editor in 0.44 ms, found 3 plugins.
Preloading 0 native plugins for Editor in 0.00 ms.
Unloading 2089 Unused Serialized files (Serialized files now loaded: 0)
System memory in use before: 93.3 MB.
System memory in use after: 93.3 MB.

Unloading 21 unused Assets to reduce memory usage. Loaded Objects now: 2612.
Total: 2.206900 ms (FindLiveObjects: 0.190200 ms CreateObjectMapping: 0.061400 ms MarkObjects: 1.862700 ms  DeleteObjects: 0.091900 ms)

========================================================================
Received Prepare
Registering precompiled user dll's ...
Registered in 0.005564 seconds.
Begin MonoManager ReloadAssembly
Native extension for WindowsStandalone target not found
Refreshing native plugins compatible for Editor in 0.48 ms, found 3 plugins.
Preloading 0 native plugins for Editor in 0.00 ms.
Mono: successfully reloaded assembly
- Completed reload, in  0.726 seconds
Platform modules already initialized, skipping
Refreshing native plugins compatible for Editor in 0.42 ms, found 3 plugins.
Preloading 0 native plugins for Editor in 0.00 ms.
Unloading 2089 Unused Serialized files (Serialized files now loaded: 0)
System memory in use before: 93.4 MB.
System memory in use after: 93.3 MB.

Unloading 21 unused Assets to reduce memory usage. Loaded Objects now: 2616.
Total: 1.993200 ms (FindLiveObjects: 0.174600 ms CreateObjectMapping: 0.049500 ms MarkObjects: 1.696900 ms  DeleteObjects: 0.071500 ms)

========================================================================
Received Import Request.
  Time since last request: 78.719601 seconds.
  path: Assets/Movimiento_1.cs
  artifactKey: Guid(997a7f02a27ba9b45ba9d123ad09487f) Importer(815301076,1909f56bfc062723c751e8b465ee728b)
Start importing Assets/Movimiento_1.cs using Guid(997a7f02a27ba9b45ba9d123ad09487f) Importer(815301076,1909f56bfc062723c751e8b465ee728b)  -> (artifact id: '2908d6e6bded861a99e4575cdcad01fd') in 0.004695 seconds
  Import took 0.007204 seconds .

========================================================================
Received Import Request.
  Time since last request: 8.794010 seconds.
  path: Assets/Objeto.cs
  artifactKey: Guid(d4307e28d8128e040ae271b0653bf280) Importer(815301076,1909f56bfc062723c751e8b465ee728b)
Start importing Assets/Objeto.cs using Guid(d4307e28d8128e040ae271b0653bf280) Importer(815301076,1909f56bfc062723c751e8b465ee728b)  -> (artifact id: 'fc224cb1f14bfea0cabeabefcbd369d4') in 0.002282 seconds
  Import took 0.005109 seconds .

========================================================================
Received Prepare
Registering precompiled user dll's ...
Registered in 0.005529 seconds.
Begin MonoManager ReloadAssembly
Native extension for WindowsStandalone target not found
Refreshing native plugins compatible for Editor in 0.46 ms, found 3 plugins.
Preloading 0 native plugins for Editor in 0.00 ms.
Mono: successfully reloaded assembly
- Completed reload, in  0.721 seconds
Platform modules already initialized, skipping
Refreshing native plugins compatible for Editor in 0.46 ms, found 3 plugins.
Preloading 0 native plugins for Editor in 0.00 ms.
Unloading 2089 Unused Serialized files (Serialized files now loaded: 0)
System memory in use before: 93.4 MB.
System memory in use after: 93.3 MB.

Unloading 21 unused Assets to reduce memory usage. Loaded Objects now: 2620.
Total: 2.218600 ms (FindLiveObjects: 0.189800 ms CreateObjectMapping: 0.063800 ms MarkObjects: 1.887600 ms  DeleteObjects: 0.076400 ms)

========================================================================
Received Import Request.
  Time since last request: 59.547004 seconds.
  path: Assets/Objeto.cs
  artifactKey: Guid(d4307e28d8128e040ae271b0653bf280) Importer(815301076,1909f56bfc062723c751e8b465ee728b)
Start importing Assets/Objeto.cs using Guid(d4307e28d8128e040ae271b0653bf280) Importer(815301076,1909f56bfc062723c751e8b465ee728b)  -> (artifact id: '44f6ccede077e197cf8fe058f65d88fe') in 0.004872 seconds
  Import took 0.007266 seconds .

========================================================================
Received Prepare
Registering precompiled user dll's ...
Registered in 0.005314 seconds.
Begin MonoManager ReloadAssembly
Native extension for WindowsStandalone target not found
Refreshing native plugins compatible for Editor in 0.46 ms, found 3 plugins.
Preloading 0 native plugins for Editor in 0.00 ms.
Mono: successfully reloaded assembly
- Completed reload, in  0.717 seconds
Platform modules already initialized, skipping
Refreshing native plugins compatible for Editor in 0.43 ms, found 3 plugins.
Preloading 0 native plugins for Editor in 0.00 ms.
Unloading 2089 Unused Serialized files (Serialized files now loaded: 0)
System memory in use before: 93.4 MB.
System memory in use after: 93.3 MB.

Unloading 21 unused Assets to reduce memory usage. Loaded Objects now: 2624.
Total: 2.136600 ms (FindLiveObjects: 0.196900 ms CreateObjectMapping: 0.062000 ms MarkObjects: 1.794000 ms  DeleteObjects: 0.083000 ms)

========================================================================
Received Prepare
Registering precompiled user dll's ...
Registered in 0.006091 seconds.
Begin MonoManager ReloadAssembly
Native extension for WindowsStandalone target not found
Refreshing native plugins compatible for Editor in 0.47 ms, found 3 plugins.
Preloading 0 native plugins for Editor in 0.00 ms.
Mono: successfully reloaded assembly
- Completed reload, in  0.785 seconds
Platform modules already initialized, skipping
Refreshing native plugins compatible for Editor in 0.48 ms, found 3 plugins.
Preloading 0 native plugins for Editor in 0.00 ms.
Unloading 2089 Unused Serialized files (Serialized files now loaded: 0)
System memory in use before: 93.4 MB.
System memory in use after: 93.4 MB.

Unloading 21 unused Assets to reduce memory usage. Loaded Objects now: 2628.
Total: 2.326000 ms (FindLiveObjects: 0.199000 ms CreateObjectMapping: 0.042200 ms MarkObjects: 1.962000 ms  DeleteObjects: 0.121800 ms)

========================================================================
Received Prepare
Registering precompiled user dll's ...
Registered in 0.004751 seconds.
Begin MonoManager ReloadAssembly
Native extension for WindowsStandalone target not found
Refreshing native plugins compatible for Editor in 0.46 ms, found 3 plugins.
Preloading 0 native plugins for Editor in 0.00 ms.
Mono: successfully reloaded assembly
- Completed reload, in  0.710 seconds
Platform modules already initialized, skipping
Refreshing native plugins compatible for Editor in 0.40 ms, found 3 plugins.
Preloading 0 native plugins for Editor in 0.00 ms.
Unloading 2089 Unused Serialized files (Serialized files now loaded: 0)
System memory in use before: 93.4 MB.
System memory in use after: 93.4 MB.

Unloading 21 unused Assets to reduce memory usage. Loaded Objects now: 2632.
Total: 2.054900 ms (FindLiveObjects: 0.185300 ms CreateObjectMapping: 0.057700 ms MarkObjects: 1.737600 ms  DeleteObjects: 0.073600 ms)

========================================================================
Received Prepare
Registering precompiled user dll's ...
Registered in 0.005729 seconds.
Begin MonoManager ReloadAssembly
Native extension for WindowsStandalone target not found
Refreshing native plugins compatible for Editor in 0.46 ms, found 3 plugins.
Preloading 0 native plugins for Editor in 0.00 ms.
Mono: successfully reloaded assembly
- Completed reload, in  0.722 seconds
Platform modules already initialized, skipping
Refreshing native plugins compatible for Editor in 0.40 ms, found 3 plugins.
Preloading 0 native plugins for Editor in 0.00 ms.
Unloading 2089 Unused Serialized files (Serialized files now loaded: 0)
System memory in use before: 93.4 MB.
System memory in use after: 93.4 MB.

Unloading 21 unused Assets to reduce memory usage. Loaded Objects now: 2636.
Total: 2.163300 ms (FindLiveObjects: 0.197600 ms CreateObjectMapping: 0.066000 ms MarkObjects: 1.820300 ms  DeleteObjects: 0.078400 ms)

========================================================================
Received Prepare
Registering precompiled user dll's ...
Registered in 0.005631 seconds.
Begin MonoManager ReloadAssembly
Native extension for WindowsStandalone target not found
Refreshing native plugins compatible for Editor in 0.46 ms, found 3 plugins.
Preloading 0 native plugins for Editor in 0.00 ms.
Mono: successfully reloaded assembly
- Completed reload, in  0.710 seconds
Platform modules already initialized, skipping
Refreshing native plugins compatible for Editor in 0.41 ms, found 3 plugins.
Preloading 0 native plugins for Editor in 0.00 ms.
Unloading 2089 Unused Serialized files (Serialized files now loaded: 0)
System memory in use before: 93.4 MB.
System memory in use after: 93.4 MB.

Unloading 21 unused Assets to reduce memory usage. Loaded Objects now: 2640.
Total: 2.394400 ms (FindLiveObjects: 0.229700 ms CreateObjectMapping: 0.079700 ms MarkObjects: 1.960400 ms  DeleteObjects: 0.123700 ms)

========================================================================
Received Import Request.
  Time since last request: 760.418738 seconds.
  path: Assets/Movimiento_1.cs
  artifactKey: Guid(997a7f02a27ba9b45ba9d123ad09487f) Importer(815301076,1909f56bfc062723c751e8b465ee728b)
Start importing Assets/Movimiento_1.cs using Guid(997a7f02a27ba9b45ba9d123ad09487f) Importer(815301076,1909f56bfc062723c751e8b465ee728b)  -> (artifact id: 'f25a93b5dd485b487490a854dd5f00a9') in 0.005050 seconds
  Import took 0.008188 seconds .

========================================================================
Received Import Request.
  Time since last request: 10.272268 seconds.
  path: Assets/Movimiento.cs
  artifactKey: Guid(f1afa0bdbffedb64289872a2b1f8ea8e) Importer(815301076,1909f56bfc062723c751e8b465ee728b)
Start importing Assets/Movimiento.cs using Guid(f1afa0bdbffedb64289872a2b1f8ea8e) Importer(815301076,1909f56bfc062723c751e8b465ee728b)  -> (artifact id: '9f0f21d5ad227ed2b0e8c7969b2a2e0e') in 0.002453 seconds
  Import took 0.005179 seconds .

========================================================================
Received Prepare
Registering precompiled user dll's ...
Registered in 0.005536 seconds.
Begin MonoManager ReloadAssembly
Native extension for WindowsStandalone target not found
Refreshing native plugins compatible for Editor in 0.46 ms, found 3 plugins.
Preloading 0 native plugins for Editor in 0.00 ms.
Mono: successfully reloaded assembly
- Completed reload, in  0.702 seconds
Platform modules already initialized, skipping
Refreshing native plugins compatible for Editor in 0.46 ms, found 3 plugins.
Preloading 0 native plugins for Editor in 0.00 ms.
Unloading 2090 Unused Serialized files (Serialized files now loaded: 0)
System memory in use before: 93.4 MB.
System memory in use after: 93.4 MB.

Unloading 21 unused Assets to reduce memory usage. Loaded Objects now: 2645.
Total: 2.161200 ms (FindLiveObjects: 0.195100 ms CreateObjectMapping: 0.063900 ms MarkObjects: 1.829500 ms  DeleteObjects: 0.072000 ms)

========================================================================
Received Import Request.
  Time since last request: 3.403092 seconds.
  path: Assets/Objeto.cs
  artifactKey: Guid(d4307e28d8128e040ae271b0653bf280) Importer(815301076,1909f56bfc062723c751e8b465ee728b)
Start importing Assets/Objeto.cs using Guid(d4307e28d8128e040ae271b0653bf280) Importer(815301076,1909f56bfc062723c751e8b465ee728b)  -> (artifact id: '5cd0db2bc4820bd40dc19af346a4b99a') in 0.005186 seconds
  Import took 0.007999 seconds .

========================================================================
Received Prepare
Registering precompiled user dll's ...
Registered in 0.005463 seconds.
Begin MonoManager ReloadAssembly
Native extension for WindowsStandalone target not found
Refreshing native plugins compatible for Editor in 0.47 ms, found 3 plugins.
Preloading 0 native plugins for Editor in 0.00 ms.
Mono: successfully reloaded assembly
- Completed reload, in  0.741 seconds
Platform modules already initialized, skipping
Refreshing native plugins compatible for Editor in 0.45 ms, found 3 plugins.
Preloading 0 native plugins for Editor in 0.00 ms.
Unloading 2090 Unused Serialized files (Serialized files now loaded: 0)
System memory in use before: 93.4 MB.
System memory in use after: 93.4 MB.

Unloading 21 unused Assets to reduce memory usage. Loaded Objects now: 2649.
Total: 2.371000 ms (FindLiveObjects: 0.210200 ms CreateObjectMapping: 0.076500 ms MarkObjects: 1.984000 ms  DeleteObjects: 0.099500 ms)

========================================================================
Received Import Request.
  Time since last request: 341.779565 seconds.
  path: Assets/Movimiento.cs
  artifactKey: Guid(f1afa0bdbffedb64289872a2b1f8ea8e) Importer(815301076,1909f56bfc062723c751e8b465ee728b)
Start importing Assets/Movimiento.cs using Guid(f1afa0bdbffedb64289872a2b1f8ea8e) Importer(815301076,1909f56bfc062723c751e8b465ee728b)  -> (artifact id: '781c19fa0bf228fdffd778349e73ddcb') in 0.004872 seconds
  Import took 0.007249 seconds .

========================================================================
Received Prepare
Registering precompiled user dll's ...
Registered in 0.005485 seconds.
Begin MonoManager ReloadAssembly
Native extension for WindowsStandalone target not found
Refreshing native plugins compatible for Editor in 0.47 ms, found 3 plugins.
Preloading 0 native plugins for Editor in 0.00 ms.
Mono: successfully reloaded assembly
- Completed reload, in  0.697 seconds
Platform modules already initialized, skipping
Refreshing native plugins compatible for Editor in 0.41 ms, found 3 plugins.
Preloading 0 native plugins for Editor in 0.00 ms.
Unloading 2089 Unused Serialized files (Serialized files now loaded: 0)
System memory in use before: 93.4 MB.
System memory in use after: 93.4 MB.

Unloading 22 unused Assets to reduce memory usage. Loaded Objects now: 2652.
Total: 2.440300 ms (FindLiveObjects: 0.192100 ms CreateObjectMapping: 0.063500 ms MarkObjects: 2.106900 ms  DeleteObjects: 0.076800 ms)

========================================================================
Received Prepare
Registering precompiled user dll's ...
Registered in 0.005069 seconds.
Begin MonoManager ReloadAssembly
Native extension for WindowsStandalone target not found
Refreshing native plugins compatible for Editor in 0.47 ms, found 3 plugins.
Preloading 0 native plugins for Editor in 0.00 ms.
Mono: successfully reloaded assembly
- Completed reload, in  0.713 seconds
Platform modules already initialized, skipping
Refreshing native plugins compatible for Editor in 0.46 ms, found 3 plugins.
Preloading 0 native plugins for Editor in 0.00 ms.
Unloading 2088 Unused Serialized files (Serialized files now loaded: 0)
System memory in use before: 93.4 MB.
System memory in use after: 93.4 MB.

Unloading 22 unused Assets to reduce memory usage. Loaded Objects now: 2655.
Total: 2.099000 ms (FindLiveObjects: 0.194600 ms CreateObjectMapping: 0.049900 ms MarkObjects: 1.763700 ms  DeleteObjects: 0.089700 ms)

========================================================================
Received Import Request.
  Time since last request: 21.796344 seconds.
  path: Assets/Script/Digimon
  artifactKey: Guid(c09a9f119f3303b408382e98d717c3a9) Importer(815301076,1909f56bfc062723c751e8b465ee728b)
Start importing Assets/Script/Digimon using Guid(c09a9f119f3303b408382e98d717c3a9) Importer(815301076,1909f56bfc062723c751e8b465ee728b)  -> (artifact id: '49531c005a5b75b10558e948b5498089') in 0.005784 seconds
  Import took 0.008450 seconds .

========================================================================
Received Import Request.
  Time since last request: 3.510097 seconds.
  path: Assets/Script/Koromon.cs
  artifactKey: Guid(dbe856ed3ff97d541889470c274d9bfe) Importer(815301076,1909f56bfc062723c751e8b465ee728b)
Start importing Assets/Script/Koromon.cs using Guid(dbe856ed3ff97d541889470c274d9bfe) Importer(815301076,1909f56bfc062723c751e8b465ee728b)  -> (artifact id: '7d17798b5df1e0a2e70213879202ee2d') in 0.002356 seconds
  Import took 0.005107 seconds .

========================================================================
Received Prepare
Registering precompiled user dll's ...
Registered in 0.005357 seconds.
Begin MonoManager ReloadAssembly
Native extension for WindowsStandalone target not found
Refreshing native plugins compatible for Editor in 0.46 ms, found 3 plugins.
Preloading 0 native plugins for Editor in 0.00 ms.
Mono: successfully reloaded assembly
- Completed reload, in  0.700 seconds
Platform modules already initialized, skipping
Refreshing native plugins compatible for Editor in 0.44 ms, found 3 plugins.
Preloading 0 native plugins for Editor in 0.00 ms.
Unloading 2088 Unused Serialized files (Serialized files now loaded: 0)
System memory in use before: 93.4 MB.
System memory in use after: 93.4 MB.

Unloading 21 unused Assets to reduce memory usage. Loaded Objects now: 2659.
Total: 2.132200 ms (FindLiveObjects: 0.203600 ms CreateObjectMapping: 0.060600 ms MarkObjects: 1.774700 ms  DeleteObjects: 0.092200 ms)

========================================================================
Received Import Request.
  Time since last request: 9.157939 seconds.
  path: Assets/Script/Mario
  artifactKey: Guid(9d9fe4cf0843cc4418eea0662d869e3f) Importer(815301076,1909f56bfc062723c751e8b465ee728b)
Start importing Assets/Script/Mario using Guid(9d9fe4cf0843cc4418eea0662d869e3f) Importer(815301076,1909f56bfc062723c751e8b465ee728b)  -> (artifact id: '7522165d42d0746c56634c1221ab9fcf') in 0.005276 seconds
  Import took 0.008051 seconds .

========================================================================
Received Import Request.
  Time since last request: 4.780387 seconds.
  path: Assets/Mario.cs
  artifactKey: Guid(e123305902c9ef5409e19dede569ca2d) Importer(815301076,1909f56bfc062723c751e8b465ee728b)
Start importing Assets/Mario.cs using Guid(e123305902c9ef5409e19dede569ca2d) Importer(815301076,1909f56bfc062723c751e8b465ee728b)  -> (artifact id: 'b24d2fd8c887046a342e77c7465c423d') in 0.002085 seconds
  Import took 0.004684 seconds .

========================================================================
Received Import Request.
  Time since last request: 0.000452 seconds.
  path: Assets/Mario.cs
  artifactKey: Guid(e123305902c9ef5409e19dede569ca2d) Importer(815301076,1909f56bfc062723c751e8b465ee728b)
Start importing Assets/Mario.cs using Guid(e123305902c9ef5409e19dede569ca2d) Importer(815301076,1909f56bfc062723c751e8b465ee728b)  -> (artifact id: 'b24d2fd8c887046a342e77c7465c423d') in 0.001912 seconds
  Import took 0.003773 seconds .

========================================================================
Received Prepare
Registering precompiled user dll's ...
Registered in 0.005351 seconds.
Begin MonoManager ReloadAssembly
Native extension for WindowsStandalone target not found
Refreshing native plugins compatible for Editor in 0.46 ms, found 3 plugins.
Preloading 0 native plugins for Editor in 0.00 ms.
Mono: successfully reloaded assembly
- Completed reload, in  0.744 seconds
Platform modules already initialized, skipping
Refreshing native plugins compatible for Editor in 0.95 ms, found 3 plugins.
Preloading 0 native plugins for Editor in 0.00 ms.
Unloading 2088 Unused Serialized files (Serialized files now loaded: 0)
System memory in use before: 93.4 MB.
System memory in use after: 93.4 MB.

Unloading 21 unused Assets to reduce memory usage. Loaded Objects now: 2663.
Total: 2.595800 ms (FindLiveObjects: 0.212600 ms CreateObjectMapping: 0.073800 ms MarkObjects: 2.215200 ms  DeleteObjects: 0.093500 ms)

========================================================================
Received Prepare
Registering precompiled user dll's ...
Registered in 0.005206 seconds.
Begin MonoManager ReloadAssembly
Native extension for WindowsStandalone target not found
Refreshing native plugins compatible for Editor in 0.46 ms, found 3 plugins.
Preloading 0 native plugins for Editor in 0.00 ms.
Mono: successfully reloaded assembly
- Completed reload, in  0.708 seconds
Platform modules already initialized, skipping
Refreshing native plugins compatible for Editor in 0.41 ms, found 3 plugins.
Preloading 0 native plugins for Editor in 0.00 ms.
Unloading 2088 Unused Serialized files (Serialized files now loaded: 0)
System memory in use before: 93.4 MB.
System memory in use after: 93.4 MB.

Unloading 21 unused Assets to reduce memory usage. Loaded Objects now: 2667.
Total: 2.184400 ms (FindLiveObjects: 0.205600 ms CreateObjectMapping: 0.060200 ms MarkObjects: 1.838300 ms  DeleteObjects: 0.079500 ms)

========================================================================
Received Import Request.
  Time since last request: 26.737541 seconds.
  path: Assets/Move.cs
  artifactKey: Guid(0dd05ae97a005de448b1faac77847e91) Importer(815301076,1909f56bfc062723c751e8b465ee728b)
Start importing Assets/Move.cs using Guid(0dd05ae97a005de448b1faac77847e91) Importer(815301076,1909f56bfc062723c751e8b465ee728b)  -> (artifact id: '6c3b392e2a08f3ac941033172e757d5a') in 0.005544 seconds
  Import took 0.008270 seconds .

========================================================================
Received Import Request.
  Time since last request: 0.015963 seconds.
  path: Assets/Move.cs
  artifactKey: Guid(0dd05ae97a005de448b1faac77847e91) Importer(815301076,1909f56bfc062723c751e8b465ee728b)
Start importing Assets/Move.cs using Guid(0dd05ae97a005de448b1faac77847e91) Importer(815301076,1909f56bfc062723c751e8b465ee728b)  -> (artifact id: '6c3b392e2a08f3ac941033172e757d5a') in 0.002098 seconds
  Import took 0.004551 seconds .

========================================================================
Received Import Request.
  Time since last request: 5.937739 seconds.
  path: Assets/Movimiento_1.cs
  artifactKey: Guid(997a7f02a27ba9b45ba9d123ad09487f) Importer(815301076,1909f56bfc062723c751e8b465ee728b)
Start importing Assets/Movimiento_1.cs using Guid(997a7f02a27ba9b45ba9d123ad09487f) Importer(815301076,1909f56bfc062723c751e8b465ee728b)  -> (artifact id: '2162f637623ff29c78af9cd3609c31ef') in 0.002015 seconds
  Import took 0.004779 seconds .

========================================================================
Received Import Request.
  Time since last request: 0.000190 seconds.
  path: Assets/Movimiento_1.cs
  artifactKey: Guid(997a7f02a27ba9b45ba9d123ad09487f) Importer(815301076,1909f56bfc062723c751e8b465ee728b)
Start importing Assets/Movimiento_1.cs using Guid(997a7f02a27ba9b45ba9d123ad09487f) Importer(815301076,1909f56bfc062723c751e8b465ee728b)  -> (artifact id: '2162f637623ff29c78af9cd3609c31ef') in 0.001851 seconds
  Import took 0.004010 seconds .

========================================================================
Received Prepare
Registering precompiled user dll's ...
Registered in 0.005335 seconds.
Begin MonoManager ReloadAssembly
Native extension for WindowsStandalone target not found
Refreshing native plugins compatible for Editor in 0.46 ms, found 3 plugins.
Preloading 0 native plugins for Editor in 0.00 ms.
Mono: successfully reloaded assembly
- Completed reload, in  0.755 seconds
Platform modules already initialized, skipping
Refreshing native plugins compatible for Editor in 0.52 ms, found 3 plugins.
Preloading 0 native plugins for Editor in 0.00 ms.
Unloading 2088 Unused Serialized files (Serialized files now loaded: 0)
System memory in use before: 93.5 MB.
System memory in use after: 93.4 MB.

Unloading 21 unused Assets to reduce memory usage. Loaded Objects now: 2671.
Total: 2.460000 ms (FindLiveObjects: 0.233900 ms CreateObjectMapping: 0.079400 ms MarkObjects: 2.034000 ms  DeleteObjects: 0.111500 ms)

========================================================================
Received Prepare
Registering precompiled user dll's ...
Registered in 0.005394 seconds.
Begin MonoManager ReloadAssembly
Native extension for WindowsStandalone target not found
Refreshing native plugins compatible for Editor in 0.55 ms, found 3 plugins.
Preloading 0 native plugins for Editor in 0.00 ms.
Mono: successfully reloaded assembly
- Completed reload, in  0.718 seconds
Platform modules already initialized, skipping
Refreshing native plugins compatible for Editor in 0.43 ms, found 3 plugins.
Preloading 0 native plugins for Editor in 0.00 ms.
Unloading 2088 Unused Serialized files (Serialized files now loaded: 0)
System memory in use before: 93.5 MB.
System memory in use after: 93.4 MB.

Unloading 21 unused Assets to reduce memory usage. Loaded Objects now: 2675.
Total: 2.209300 ms (FindLiveObjects: 0.197600 ms CreateObjectMapping: 0.062500 ms MarkObjects: 1.878200 ms  DeleteObjects: 0.070200 ms)

========================================================================
Received Prepare
Registering precompiled user dll's ...
Registered in 0.005370 seconds.
Begin MonoManager ReloadAssembly
Native extension for WindowsStandalone target not found
Refreshing native plugins compatible for Editor in 0.47 ms, found 3 plugins.
Preloading 0 native plugins for Editor in 0.00 ms.
Mono: successfully reloaded assembly
- Completed reload, in  0.737 seconds
Platform modules already initialized, skipping
Refreshing native plugins compatible for Editor in 0.42 ms, found 3 plugins.
Preloading 0 native plugins for Editor in 0.00 ms.
Unloading 2089 Unused Serialized files (Serialized files now loaded: 0)
System memory in use before: 93.5 MB.
System memory in use after: 93.5 MB.

Unloading 21 unused Assets to reduce memory usage. Loaded Objects now: 2680.
Total: 2.440800 ms (FindLiveObjects: 0.201100 ms CreateObjectMapping: 0.063400 ms MarkObjects: 2.080600 ms  DeleteObjects: 0.094700 ms)

========================================================================
Received Prepare
Registering precompiled user dll's ...
Registered in 0.005451 seconds.
Begin MonoManager ReloadAssembly
Native extension for WindowsStandalone target not found
Refreshing native plugins compatible for Editor in 0.46 ms, found 3 plugins.
Preloading 0 native plugins for Editor in 0.00 ms.
Mono: successfully reloaded assembly
- Completed reload, in  0.734 seconds
Platform modules already initialized, skipping
Refreshing native plugins compatible for Editor in 0.42 ms, found 3 plugins.
Preloading 0 native plugins for Editor in 0.00 ms.
Unloading 2089 Unused Serialized files (Serialized files now loaded: 0)
System memory in use before: 93.5 MB.
System memory in use after: 93.5 MB.

Unloading 21 unused Assets to reduce memory usage. Loaded Objects now: 2684.
Total: 2.111500 ms (FindLiveObjects: 0.195200 ms CreateObjectMapping: 0.063700 ms MarkObjects: 1.782200 ms  DeleteObjects: 0.069600 ms)

========================================================================
Received Prepare
Registering precompiled user dll's ...
Registered in 0.006090 seconds.
Begin MonoManager ReloadAssembly
Native extension for WindowsStandalone target not found
Refreshing native plugins compatible for Editor in 0.53 ms, found 3 plugins.
Preloading 0 native plugins for Editor in 0.00 ms.
Mono: successfully reloaded assembly
- Completed reload, in  0.713 seconds
Platform modules already initialized, skipping
Refreshing native plugins compatible for Editor in 0.40 ms, found 3 plugins.
Preloading 0 native plugins for Editor in 0.00 ms.
Unloading 2089 Unused Serialized files (Serialized files now loaded: 0)
System memory in use before: 93.5 MB.
System memory in use after: 93.5 MB.

Unloading 21 unused Assets to reduce memory usage. Loaded Objects now: 2688.
Total: 2.067200 ms (FindLiveObjects: 0.191300 ms CreateObjectMapping: 0.063900 ms MarkObjects: 1.735500 ms  DeleteObjects: 0.075800 ms)

========================================================================
Received Import Request.
  Time since last request: 410.062098 seconds.
  path: Assets/Movimiento_2.cs
  artifactKey: Guid(4b8f35d6a7b51bf419c57ebd3fd2ecf6) Importer(815301076,1909f56bfc062723c751e8b465ee728b)
Start importing Assets/Movimiento_2.cs using Guid(4b8f35d6a7b51bf419c57ebd3fd2ecf6) Importer(815301076,1909f56bfc062723c751e8b465ee728b)  -> (artifact id: '8e59a8693d194d26240ef9dcffdd59fe') in 0.005734 seconds
  Import took 0.008671 seconds .

========================================================================
Received Prepare
Registering precompiled user dll's ...
Registered in 0.006025 seconds.
Begin MonoManager ReloadAssembly
Native extension for WindowsStandalone target not found
Refreshing native plugins compatible for Editor in 0.52 ms, found 3 plugins.
Preloading 0 native plugins for Editor in 0.00 ms.
Mono: successfully reloaded assembly
- Completed reload, in  0.753 seconds
Platform modules already initialized, skipping
Refreshing native plugins compatible for Editor in 0.85 ms, found 3 plugins.
Preloading 0 native plugins for Editor in 0.00 ms.
Unloading 2090 Unused Serialized files (Serialized files now loaded: 0)
System memory in use before: 93.5 MB.
System memory in use after: 93.5 MB.

Unloading 21 unused Assets to reduce memory usage. Loaded Objects now: 2693.
Total: 2.558000 ms (FindLiveObjects: 0.246000 ms CreateObjectMapping: 0.066700 ms MarkObjects: 2.146500 ms  DeleteObjects: 0.097700 ms)

========================================================================
Received Prepare
Registering precompiled user dll's ...
Registered in 0.005331 seconds.
Begin MonoManager ReloadAssembly
Native extension for WindowsStandalone target not found
Refreshing native plugins compatible for Editor in 0.67 ms, found 3 plugins.
Preloading 0 native plugins for Editor in 0.00 ms.
Mono: successfully reloaded assembly
- Completed reload, in  0.712 seconds
Platform modules already initialized, skipping
Refreshing native plugins compatible for Editor in 0.43 ms, found 3 plugins.
Preloading 0 native plugins for Editor in 0.00 ms.
Unloading 2090 Unused Serialized files (Serialized files now loaded: 0)
System memory in use before: 93.5 MB.
System memory in use after: 93.5 MB.

Unloading 21 unused Assets to reduce memory usage. Loaded Objects now: 2697.
Total: 2.219300 ms (FindLiveObjects: 0.195800 ms CreateObjectMapping: 0.064900 ms MarkObjects: 1.888400 ms  DeleteObjects: 0.069600 ms)

========================================================================
Received Prepare
Registering precompiled user dll's ...
Registered in 0.005545 seconds.
Begin MonoManager ReloadAssembly
Native extension for WindowsStandalone target not found
Refreshing native plugins compatible for Editor in 0.49 ms, found 3 plugins.
Preloading 0 native plugins for Editor in 0.00 ms.
Mono: successfully reloaded assembly
- Completed reload, in  0.701 seconds
Platform modules already initialized, skipping
Refreshing native plugins compatible for Editor in 0.45 ms, found 3 plugins.
Preloading 0 native plugins for Editor in 0.00 ms.
Unloading 2090 Unused Serialized files (Serialized files now loaded: 0)
System memory in use before: 93.6 MB.
System memory in use after: 93.5 MB.

Unloading 21 unused Assets to reduce memory usage. Loaded Objects now: 2701.
Total: 1.990400 ms (FindLiveObjects: 0.179500 ms CreateObjectMapping: 0.050400 ms MarkObjects: 1.667800 ms  DeleteObjects: 0.091900 ms)

========================================================================
Received Prepare
Registering precompiled user dll's ...
Registered in 0.006777 seconds.
Begin MonoManager ReloadAssembly
Native extension for WindowsStandalone target not found
Refreshing native plugins compatible for Editor in 0.45 ms, found 3 plugins.
Preloading 0 native plugins for Editor in 0.00 ms.
Mono: successfully reloaded assembly
- Completed reload, in  0.705 seconds
Platform modules already initialized, skipping
Refreshing native plugins compatible for Editor in 0.42 ms, found 3 plugins.
Preloading 0 native plugins for Editor in 0.00 ms.
Unloading 2090 Unused Serialized files (Serialized files now loaded: 0)
System memory in use before: 93.6 MB.
System memory in use after: 93.5 MB.

Unloading 21 unused Assets to reduce memory usage. Loaded Objects now: 2705.
Total: 2.185500 ms (FindLiveObjects: 0.189600 ms CreateObjectMapping: 0.060300 ms MarkObjects: 1.862100 ms  DeleteObjects: 0.072600 ms)

========================================================================
Received Prepare
Registering precompiled user dll's ...
Registered in 0.005590 seconds.
Begin MonoManager ReloadAssembly
Native extension for WindowsStandalone target not found
Refreshing native plugins compatible for Editor in 0.46 ms, found 3 plugins.
Preloading 0 native plugins for Editor in 0.00 ms.
Mono: successfully reloaded assembly
- Completed reload, in  0.724 seconds
Platform modules already initialized, skipping
Refreshing native plugins compatible for Editor in 0.42 ms, found 3 plugins.
Preloading 0 native plugins for Editor in 0.00 ms.
Unloading 2090 Unused Serialized files (Serialized files now loaded: 0)
System memory in use before: 93.7 MB.
System memory in use after: 93.7 MB.

Unloading 21 unused Assets to reduce memory usage. Loaded Objects now: 2709.
Total: 2.252600 ms (FindLiveObjects: 0.224700 ms CreateObjectMapping: 0.091300 ms MarkObjects: 1.857400 ms  DeleteObjects: 0.078600 ms)

========================================================================
Received Prepare
Registering precompiled user dll's ...
Registered in 0.005539 seconds.
Begin MonoManager ReloadAssembly
Native extension for WindowsStandalone target not found
Refreshing native plugins compatible for Editor in 0.46 ms, found 3 plugins.
Preloading 0 native plugins for Editor in 0.00 ms.
Mono: successfully reloaded assembly
- Completed reload, in  0.725 seconds
Platform modules already initialized, skipping
Refreshing native plugins compatible for Editor in 0.40 ms, found 3 plugins.
Preloading 0 native plugins for Editor in 0.00 ms.
Unloading 2090 Unused Serialized files (Serialized files now loaded: 0)
System memory in use before: 93.7 MB.
System memory in use after: 93.7 MB.

Unloading 21 unused Assets to reduce memory usage. Loaded Objects now: 2713.
Total: 2.075400 ms (FindLiveObjects: 0.219400 ms CreateObjectMapping: 0.076500 ms MarkObjects: 1.708600 ms  DeleteObjects: 0.070200 ms)

========================================================================
Received Prepare
Registering precompiled user dll's ...
Registered in 0.006149 seconds.
Begin MonoManager ReloadAssembly
Native extension for WindowsStandalone target not found
Refreshing native plugins compatible for Editor in 0.68 ms, found 3 plugins.
Preloading 0 native plugins for Editor in 0.00 ms.
Mono: successfully reloaded assembly
- Completed reload, in  0.713 seconds
Platform modules already initialized, skipping
Refreshing native plugins compatible for Editor in 0.43 ms, found 3 plugins.
Preloading 0 native plugins for Editor in 0.00 ms.
Unloading 2090 Unused Serialized files (Serialized files now loaded: 0)
System memory in use before: 93.7 MB.
System memory in use after: 93.8 MB.

Unloading 21 unused Assets to reduce memory usage. Loaded Objects now: 2717.
Total: 2.556000 ms (FindLiveObjects: 0.230100 ms CreateObjectMapping: 0.078200 ms MarkObjects: 2.156100 ms  DeleteObjects: 0.090800 ms)

========================================================================
Received Prepare
Registering precompiled user dll's ...
Registered in 0.005496 seconds.
Begin MonoManager ReloadAssembly
Native extension for WindowsStandalone target not found
Refreshing native plugins compatible for Editor in 0.47 ms, found 3 plugins.
Preloading 0 native plugins for Editor in 0.00 ms.
Mono: successfully reloaded assembly
- Completed reload, in  0.706 seconds
Platform modules already initialized, skipping
Refreshing native plugins compatible for Editor in 0.40 ms, found 3 plugins.
Preloading 0 native plugins for Editor in 0.00 ms.
Unloading 2090 Unused Serialized files (Serialized files now loaded: 0)
System memory in use before: 93.7 MB.
System memory in use after: 93.8 MB.

Unloading 21 unused Assets to reduce memory usage. Loaded Objects now: 2721.
Total: 2.082400 ms (FindLiveObjects: 0.204200 ms CreateObjectMapping: 0.077100 ms MarkObjects: 1.726900 ms  DeleteObjects: 0.073200 ms)

========================================================================
Received Prepare
Registering precompiled user dll's ...
Registered in 0.004956 seconds.
Begin MonoManager ReloadAssembly
Native extension for WindowsStandalone target not found
Refreshing native plugins compatible for Editor in 0.45 ms, found 3 plugins.
Preloading 0 native plugins for Editor in 0.00 ms.
Mono: successfully reloaded assembly
- Completed reload, in  0.691 seconds
Platform modules already initialized, skipping
Refreshing native plugins compatible for Editor in 0.44 ms, found 3 plugins.
Preloading 0 native plugins for Editor in 0.00 ms.
Unloading 2090 Unused Serialized files (Serialized files now loaded: 0)
System memory in use before: 93.7 MB.
System memory in use after: 93.8 MB.

Unloading 21 unused Assets to reduce memory usage. Loaded Objects now: 2725.
Total: 2.148200 ms (FindLiveObjects: 0.207600 ms CreateObjectMapping: 0.066500 ms MarkObjects: 1.795700 ms  DeleteObjects: 0.077800 ms)

========================================================================
Received Prepare
Registering precompiled user dll's ...
Registered in 0.007257 seconds.
Begin MonoManager ReloadAssembly
Native extension for WindowsStandalone target not found
Refreshing native plugins compatible for Editor in 0.49 ms, found 3 plugins.
Preloading 0 native plugins for Editor in 0.00 ms.
Mono: successfully reloaded assembly
- Completed reload, in  0.863 seconds
Platform modules already initialized, skipping
Refreshing native plugins compatible for Editor in 0.62 ms, found 3 plugins.
Preloading 0 native plugins for Editor in 0.00 ms.
Unloading 2090 Unused Serialized files (Serialized files now loaded: 0)
System memory in use before: 93.7 MB.
System memory in use after: 93.8 MB.

Unloading 21 unused Assets to reduce memory usage. Loaded Objects now: 2729.
Total: 2.189800 ms (FindLiveObjects: 0.214200 ms CreateObjectMapping: 0.063600 ms MarkObjects: 1.816700 ms  DeleteObjects: 0.094700 ms)

========================================================================
Received Prepare
Registering precompiled user dll's ...
Registered in 0.006324 seconds.
Begin MonoManager ReloadAssembly
Native extension for WindowsStandalone target not found
Refreshing native plugins compatible for Editor in 0.52 ms, found 3 plugins.
Preloading 0 native plugins for Editor in 0.00 ms.
Mono: successfully reloaded assembly
- Completed reload, in  0.796 seconds
Platform modules already initialized, skipping
Refreshing native plugins compatible for Editor in 0.49 ms, found 3 plugins.
Preloading 0 native plugins for Editor in 0.00 ms.
Unloading 2090 Unused Serialized files (Serialized files now loaded: 0)
System memory in use before: 93.7 MB.
System memory in use after: 93.8 MB.

Unloading 21 unused Assets to reduce memory usage. Loaded Objects now: 2733.
Total: 2.376400 ms (FindLiveObjects: 0.245000 ms CreateObjectMapping: 0.065200 ms MarkObjects: 1.937900 ms  DeleteObjects: 0.127400 ms)

========================================================================
Received Prepare
Registering precompiled user dll's ...
Registered in 0.005054 seconds.
Begin MonoManager ReloadAssembly
Native extension for WindowsStandalone target not found
Refreshing native plugins compatible for Editor in 0.46 ms, found 3 plugins.
Preloading 0 native plugins for Editor in 0.00 ms.
Mono: successfully reloaded assembly
- Completed reload, in  0.702 seconds
Platform modules already initialized, skipping
Refreshing native plugins compatible for Editor in 0.41 ms, found 3 plugins.
Preloading 0 native plugins for Editor in 0.00 ms.
Unloading 2090 Unused Serialized files (Serialized files now loaded: 0)
System memory in use before: 93.7 MB.
System memory in use after: 93.8 MB.

Unloading 21 unused Assets to reduce memory usage. Loaded Objects now: 2737.
Total: 2.174200 ms (FindLiveObjects: 0.217000 ms CreateObjectMapping: 0.073700 ms MarkObjects: 1.798700 ms  DeleteObjects: 0.083900 ms)

========================================================================
Received Prepare
Registering precompiled user dll's ...
Registered in 0.005638 seconds.
Begin MonoManager ReloadAssembly
Native extension for WindowsStandalone target not found
Refreshing native plugins compatible for Editor in 0.46 ms, found 3 plugins.
Preloading 0 native plugins for Editor in 0.00 ms.
Mono: successfully reloaded assembly
- Completed reload, in  0.713 seconds
Platform modules already initialized, skipping
Refreshing native plugins compatible for Editor in 0.41 ms, found 3 plugins.
Preloading 0 native plugins for Editor in 0.00 ms.
Unloading 2090 Unused Serialized files (Serialized files now loaded: 0)
System memory in use before: 93.7 MB.
System memory in use after: 93.8 MB.

Unloading 21 unused Assets to reduce memory usage. Loaded Objects now: 2741.
Total: 2.207500 ms (FindLiveObjects: 0.202800 ms CreateObjectMapping: 0.066000 ms MarkObjects: 1.856700 ms  DeleteObjects: 0.081400 ms)

========================================================================
Received Import Request.
  Time since last request: 1337.469972 seconds.
  path: Assets/Movimiento_2.cs
  artifactKey: Guid(4b8f35d6a7b51bf419c57ebd3fd2ecf6) Importer(815301076,1909f56bfc062723c751e8b465ee728b)
Start importing Assets/Movimiento_2.cs using Guid(4b8f35d6a7b51bf419c57ebd3fd2ecf6) Importer(815301076,1909f56bfc062723c751e8b465ee728b)  -> (artifact id: 'd5b7e41761a2cea5b1b11b618cbab6c2') in 0.004890 seconds
  Import took 0.007971 seconds .

========================================================================
Received Prepare
Registering precompiled user dll's ...
Registered in 0.005031 seconds.
Begin MonoManager ReloadAssembly
Native extension for WindowsStandalone target not found
Refreshing native plugins compatible for Editor in 0.46 ms, found 3 plugins.
Preloading 0 native plugins for Editor in 0.00 ms.
Mono: successfully reloaded assembly
- Completed reload, in  0.687 seconds
Platform modules already initialized, skipping
Refreshing native plugins compatible for Editor in 0.40 ms, found 3 plugins.
Preloading 0 native plugins for Editor in 0.00 ms.
Unloading 2089 Unused Serialized files (Serialized files now loaded: 0)
System memory in use before: 93.7 MB.
System memory in use after: 93.8 MB.

Unloading 22 unused Assets to reduce memory usage. Loaded Objects now: 2744.
Total: 2.325900 ms (FindLiveObjects: 0.209100 ms CreateObjectMapping: 0.072900 ms MarkObjects: 1.959500 ms  DeleteObjects: 0.083600 ms)

========================================================================
Received Import Request.
  Time since last request: 36.303517 seconds.
  path: Assets/Movimiento_3.cs
  artifactKey: Guid(fb49b61b839ba174e9b495b1c26f885f) Importer(815301076,1909f56bfc062723c751e8b465ee728b)
Start importing Assets/Movimiento_3.cs using Guid(fb49b61b839ba174e9b495b1c26f885f) Importer(815301076,1909f56bfc062723c751e8b465ee728b)  -> (artifact id: '77cef8e88f69e11b82d388af120b22df') in 0.005208 seconds
  Import took 0.007920 seconds .

========================================================================
Received Prepare
Registering precompiled user dll's ...
Registered in 0.005690 seconds.
Begin MonoManager ReloadAssembly
Native extension for WindowsStandalone target not found
Refreshing native plugins compatible for Editor in 0.46 ms, found 3 plugins.
Preloading 0 native plugins for Editor in 0.00 ms.
Mono: successfully reloaded assembly
- Completed reload, in  0.695 seconds
Platform modules already initialized, skipping
Refreshing native plugins compatible for Editor in 0.48 ms, found 3 plugins.
Preloading 0 native plugins for Editor in 0.00 ms.
Unloading 2089 Unused Serialized files (Serialized files now loaded: 0)
System memory in use before: 93.7 MB.
System memory in use after: 93.8 MB.

Unloading 21 unused Assets to reduce memory usage. Loaded Objects now: 2748.
Total: 2.432700 ms (FindLiveObjects: 0.245200 ms CreateObjectMapping: 0.096600 ms MarkObjects: 1.989900 ms  DeleteObjects: 0.100300 ms)

========================================================================
Received Import Request.
  Time since last request: 10.025367 seconds.
  path: Assets/Script/Movimientos
  artifactKey: Guid(c02ed8cdf48622e44b85f148eca6d6e7) Importer(815301076,1909f56bfc062723c751e8b465ee728b)
Start importing Assets/Script/Movimientos using Guid(c02ed8cdf48622e44b85f148eca6d6e7) Importer(815301076,1909f56bfc062723c751e8b465ee728b)  -> (artifact id: '01b6e6de076cbaf9342b66e29ecf0c77') in 0.005194 seconds
  Import took 0.007827 seconds .

========================================================================
Received Import Request.
  Time since last request: 0.002505 seconds.
  path: Assets/Script/Movimientos
  artifactKey: Guid(c02ed8cdf48622e44b85f148eca6d6e7) Importer(815301076,1909f56bfc062723c751e8b465ee728b)
Start importing Assets/Script/Movimientos using Guid(c02ed8cdf48622e44b85f148eca6d6e7) Importer(815301076,1909f56bfc062723c751e8b465ee728b)  -> (artifact id: '01b6e6de076cbaf9342b66e29ecf0c77') in 0.001868 seconds
  Import took 0.003694 seconds .

========================================================================
Received Prepare
Registering precompiled user dll's ...
Registered in 0.005318 seconds.
Begin MonoManager ReloadAssembly
Native extension for WindowsStandalone target not found
Refreshing native plugins compatible for Editor in 0.45 ms, found 3 plugins.
Preloading 0 native plugins for Editor in 0.00 ms.
Mono: successfully reloaded assembly
- Completed reload, in  0.689 seconds
Platform modules already initialized, skipping
Refreshing native plugins compatible for Editor in 0.39 ms, found 3 plugins.
Preloading 0 native plugins for Editor in 0.00 ms.
Unloading 2089 Unused Serialized files (Serialized files now loaded: 0)
System memory in use before: 93.7 MB.
System memory in use after: 93.8 MB.

Unloading 21 unused Assets to reduce memory usage. Loaded Objects now: 2752.
Total: 2.181200 ms (FindLiveObjects: 0.219900 ms CreateObjectMapping: 0.077200 ms MarkObjects: 1.803800 ms  DeleteObjects: 0.079400 ms)

AssetImportWorkerClient::OnTransportError - code=2 error=End of file
