Using pre-set license
Built from '2020.3/staging' branch; Version is '2020.3.10f1 (297d780c91bc) revision 2719096'; Using compiler version '192528614'; Build Type 'Release'
OS: 'Windows 10 Pro; OS build 19044.1645; Version 2009; 64bit' Language: 'es' Physical Memory: 16301 MB
BatchMode: 1, IsHumanControllingUs: 0, StartBugReporterOnCrash: 0, Is64bit: 1, IsPro: 0

 COMMAND LINE ARGUMENTS:
C:\Program Files\Unity\Hub\Editor\2020.3.10f1\Editor\Unity.exe
-adb2
-batchMode
-noUpm
-name
AssetImportWorker0
-projectPath
C:/Users/gonch/Documents/GitHub/Facultad/26Abril/Clase 26 de abril
-logFile
Logs/AssetImportWorker0.log
-srvPort
64024
Successfully changed project path to: C:/Users/gonch/Documents/GitHub/Facultad/26Abril/Clase 26 de abril
C:/Users/gonch/Documents/GitHub/Facultad/26Abril/Clase 26 de abril
Using Asset Import Pipeline V2.
Refreshing native plugins compatible for Editor in 32.09 ms, found 3 plugins.
Preloading 0 native plugins for Editor in 0.00 ms.
Initialize engine version: 2020.3.10f1 (297d780c91bc)
[Subsystems] Discovering subsystems at path C:/Program Files/Unity/Hub/Editor/2020.3.10f1/Editor/Data/Resources/UnitySubsystems
[Subsystems] Discovering subsystems at path C:/Users/gonch/Documents/GitHub/Facultad/26Abril/Clase 26 de abril/Assets
GfxDevice: creating device client; threaded=0
Direct3D:
    Version:  Direct3D 11.0 [level 11.1]
    Renderer: NVIDIA GeForce GTX 1060 6GB (ID=0x1c03)
    Vendor:   
    VRAM:     6052 MB
    Driver:   30.0.14.9729
Initialize mono
Mono path[0] = 'C:/Program Files/Unity/Hub/Editor/2020.3.10f1/Editor/Data/Managed'
Mono path[1] = 'C:/Program Files/Unity/Hub/Editor/2020.3.10f1/Editor/Data/MonoBleedingEdge/lib/mono/unityjit'
Mono config path = 'C:/Program Files/Unity/Hub/Editor/2020.3.10f1/Editor/Data/MonoBleedingEdge/etc'
Using monoOptions --debugger-agent=transport=dt_socket,embedding=1,server=y,suspend=n,address=127.0.0.1:56608
Begin MonoManager ReloadAssembly
Registering precompiled unity dll's ...
Register platform support module: C:/Program Files/Unity/Hub/Editor/2020.3.10f1/Editor/Data/PlaybackEngines/WindowsStandaloneSupport/UnityEditor.WindowsStandalone.Extensions.dll
Registered in 0.002286 seconds.
Native extension for WindowsStandalone target not found
Refreshing native plugins compatible for Editor in 28.32 ms, found 3 plugins.
Preloading 0 native plugins for Editor in 0.00 ms.
Mono: successfully reloaded assembly
- Completed reload, in  1.298 seconds
Platform modules already initialized, skipping
Registering precompiled user dll's ...
Registered in 0.005796 seconds.
Begin MonoManager ReloadAssembly
Native extension for WindowsStandalone target not found
Refreshing native plugins compatible for Editor in 27.84 ms, found 3 plugins.
Preloading 0 native plugins for Editor in 0.00 ms.
Mono: successfully reloaded assembly
- Completed reload, in  0.775 seconds
Platform modules already initialized, skipping
========================================================================
Worker process is ready to serve import requests
Launched and connected shader compiler UnityShaderCompiler.exe after 0.04 seconds
Refreshing native plugins compatible for Editor in 0.44 ms, found 3 plugins.
Preloading 0 native plugins for Editor in 0.00 ms.
Unloading 2085 Unused Serialized files (Serialized files now loaded: 0)
System memory in use before: 93.0 MB.
System memory in use after: 92.9 MB.

Unloading 33 unused Assets to reduce memory usage. Loaded Objects now: 2519.
Total: 2.257700 ms (FindLiveObjects: 0.189100 ms CreateObjectMapping: 0.059200 ms MarkObjects: 1.897300 ms  DeleteObjects: 0.111200 ms)

========================================================================
Received Import Request.
  path: Assets/Image/powerUPs.png
  artifactKey: Guid(938b159059dcd744880094a76f074060) Importer(815301076,1909f56bfc062723c751e8b465ee728b)
Start importing Assets/Image/powerUPs.png using Guid(938b159059dcd744880094a76f074060) Importer(815301076,1909f56bfc062723c751e8b465ee728b)  -> (artifact id: '564fe0adc0ea6c8e1f12c79ba0bbb0fc') in 0.095768 seconds
  Import took 0.104070 seconds .

========================================================================
Received Import Request.
  Time since last request: 0.162139 seconds.
  path: Assets/Image/powerUPs.png
  artifactKey: Guid(938b159059dcd744880094a76f074060) Importer(815301076,1909f56bfc062723c751e8b465ee728b)
Start importing Assets/Image/powerUPs.png using Guid(938b159059dcd744880094a76f074060) Importer(815301076,1909f56bfc062723c751e8b465ee728b)  -> (artifact id: '4640fec7cb6bb59fc34fb75cb61c25d1') in 0.013005 seconds
  Import took 0.016199 seconds .

========================================================================
Received Import Request.
  Time since last request: 40.391829 seconds.
  path: Packages/com.unity.2d.animation/Editor/Assets/SkinningModule/Icons/Light/Sprite_Mode@2x.png
  artifactKey: Guid(cfe99a1afb609b4488d6fc9224a62f74) Importer(815301076,1909f56bfc062723c751e8b465ee728b)
Start importing Packages/com.unity.2d.animation/Editor/Assets/SkinningModule/Icons/Light/Sprite_Mode@2x.png using Guid(cfe99a1afb609b4488d6fc9224a62f74) Importer(815301076,1909f56bfc062723c751e8b465ee728b)  -> (artifact id: '8b1e9c8f00b0b860e2f1e83fa85dcaa7') in 0.016752 seconds
  Import took 0.019777 seconds .

========================================================================
Received Import Request.
  Time since last request: 0.000119 seconds.
  path: Packages/com.unity.2d.spriteshape/Editor/Handles/ss_playhead.png
  artifactKey: Guid(9ea72647c24be493ba6f15a9cd2a24ae) Importer(815301076,1909f56bfc062723c751e8b465ee728b)
Start importing Packages/com.unity.2d.spriteshape/Editor/Handles/ss_playhead.png using Guid(9ea72647c24be493ba6f15a9cd2a24ae) Importer(815301076,1909f56bfc062723c751e8b465ee728b)  -> (artifact id: '39927b807314c3a335a85bff6277a4c4') in 0.008233 seconds
  Import took 0.011160 seconds .

========================================================================
Received Import Request.
  Time since last request: 0.000142 seconds.
  path: Packages/com.unity.2d.animation/Editor/Assets/SkinningModule/Icons/Light/Sprite_Mode@4x.png
  artifactKey: Guid(554a30a45860f494ca38586c54b7e5d9) Importer(815301076,1909f56bfc062723c751e8b465ee728b)
Start importing Packages/com.unity.2d.animation/Editor/Assets/SkinningModule/Icons/Light/Sprite_Mode@4x.png using Guid(554a30a45860f494ca38586c54b7e5d9) Importer(815301076,1909f56bfc062723c751e8b465ee728b)  -> (artifact id: 'e93685ca832a039174338dd6a208d7af') in 0.009035 seconds
  Import took 0.012168 seconds .

========================================================================
Received Import Request.
  Time since last request: 0.000134 seconds.
  path: Packages/com.unity.2d.animation/Editor/Assets/SkinningModule/Icons/Selected/Sprite_Mode@4x.png
  artifactKey: Guid(2223b0a570b66ee42b3e0a79f0789b2a) Importer(815301076,1909f56bfc062723c751e8b465ee728b)
Start importing Packages/com.unity.2d.animation/Editor/Assets/SkinningModule/Icons/Selected/Sprite_Mode@4x.png using Guid(2223b0a570b66ee42b3e0a79f0789b2a) Importer(815301076,1909f56bfc062723c751e8b465ee728b)  -> (artifact id: 'ff81033b75e18fd49e7f4a7489be901f') in 0.008461 seconds
  Import took 0.010895 seconds .

========================================================================
Received Import Request.
  Time since last request: 0.000133 seconds.
  path: Packages/com.unity.collab-proxy/Editor/PlasticSCM/Assets/Images/step3@2x.png
  artifactKey: Guid(36e6970b84831434a9eac79abd03700b) Importer(815301076,1909f56bfc062723c751e8b465ee728b)
Start importing Packages/com.unity.collab-proxy/Editor/PlasticSCM/Assets/Images/step3@2x.png using Guid(36e6970b84831434a9eac79abd03700b) Importer(815301076,1909f56bfc062723c751e8b465ee728b)  -> (artifact id: 'e8f84bb0777f9f43be398774932059fb') in 0.010270 seconds
  Import took 0.012419 seconds .

========================================================================
Received Import Request.
  Time since last request: 0.000118 seconds.
  path: Packages/com.unity.collab-proxy/Editor/PlasticSCM/Assets/Images/step3.png
  artifactKey: Guid(69899ed144c8eea4baea48b858b37746) Importer(815301076,1909f56bfc062723c751e8b465ee728b)
Start importing Packages/com.unity.collab-proxy/Editor/PlasticSCM/Assets/Images/step3.png using Guid(69899ed144c8eea4baea48b858b37746) Importer(815301076,1909f56bfc062723c751e8b465ee728b)  -> (artifact id: 'a05b07ffbaf6bc8e801b32a707094319') in 0.007840 seconds
  Import took 0.009935 seconds .

========================================================================
Received Import Request.
  Time since last request: 0.000113 seconds.
  path: Packages/com.unity.2d.animation/Editor/Assets/SkinningModule/Icons/Selected/Sprite_Mode@3x.png
  artifactKey: Guid(ea833d779996e3244b3b567764be9cf0) Importer(815301076,1909f56bfc062723c751e8b465ee728b)
Start importing Packages/com.unity.2d.animation/Editor/Assets/SkinningModule/Icons/Selected/Sprite_Mode@3x.png using Guid(ea833d779996e3244b3b567764be9cf0) Importer(815301076,1909f56bfc062723c751e8b465ee728b)  -> (artifact id: '56c48ee63383a85d07d790abc980c45b') in 0.007874 seconds
  Import took 0.010253 seconds .

========================================================================
Received Import Request.
  Time since last request: 0.000112 seconds.
  path: Packages/com.unity.2d.animation/Editor/Assets/SkinningModule/Icons/Light/Sprite_Mode@2x.png
  artifactKey: Guid(cfe99a1afb609b4488d6fc9224a62f74) Importer(815301076,1909f56bfc062723c751e8b465ee728b)
Start importing Packages/com.unity.2d.animation/Editor/Assets/SkinningModule/Icons/Light/Sprite_Mode@2x.png using Guid(cfe99a1afb609b4488d6fc9224a62f74) Importer(815301076,1909f56bfc062723c751e8b465ee728b)  -> (artifact id: '8b1e9c8f00b0b860e2f1e83fa85dcaa7') in 0.005943 seconds
  Import took 0.007969 seconds .

========================================================================
Received Import Request.
  Time since last request: 0.000095 seconds.
  path: Packages/com.unity.collab-proxy/Editor/PlasticSCM/Assets/Images/step2.png
  artifactKey: Guid(cd0b17b71a5c498428ee91dee8a78a88) Importer(815301076,1909f56bfc062723c751e8b465ee728b)
Start importing Packages/com.unity.collab-proxy/Editor/PlasticSCM/Assets/Images/step2.png using Guid(cd0b17b71a5c498428ee91dee8a78a88) Importer(815301076,1909f56bfc062723c751e8b465ee728b)  -> (artifact id: 'fd466d6eba7976ad1e9627b2e7d8f229') in 0.007129 seconds
  Import took 0.009323 seconds .

========================================================================
Received Import Request.
  Time since last request: 0.000123 seconds.
  path: Packages/com.unity.2d.animation/Editor/Assets/SkinningModule/Icons/Light/Sprite_Mode@3x.png
  artifactKey: Guid(71d8b2e508f1d9947ba51013600a5eac) Importer(815301076,1909f56bfc062723c751e8b465ee728b)
Start importing Packages/com.unity.2d.animation/Editor/Assets/SkinningModule/Icons/Light/Sprite_Mode@3x.png using Guid(71d8b2e508f1d9947ba51013600a5eac) Importer(815301076,1909f56bfc062723c751e8b465ee728b)  -> (artifact id: '255dbdddbee1819ae608c3b5564cb19c') in 0.008657 seconds
  Import took 0.011193 seconds .

========================================================================
Received Import Request.
  Time since last request: 0.000125 seconds.
  path: Packages/com.unity.collab-proxy/Editor/PlasticSCM/Assets/Images/stepok.png
  artifactKey: Guid(d4780dc1205c7c7478c970d8c61d24e8) Importer(815301076,1909f56bfc062723c751e8b465ee728b)
Start importing Packages/com.unity.collab-proxy/Editor/PlasticSCM/Assets/Images/stepok.png using Guid(d4780dc1205c7c7478c970d8c61d24e8) Importer(815301076,1909f56bfc062723c751e8b465ee728b)  -> (artifact id: '3954831df12b2abc6caef3ebb04070a2') in 0.009059 seconds
  Import took 0.011334 seconds .

========================================================================
Received Import Request.
  Time since last request: 0.000108 seconds.
  path: Packages/com.unity.2d.sprite/Editor/ObjectMenuCreation/DefaultAssets/Textures/Square.png
  artifactKey: Guid(48e93eef0688c4a259cb0eddcd8661f7) Importer(815301076,1909f56bfc062723c751e8b465ee728b)
Start importing Packages/com.unity.2d.sprite/Editor/ObjectMenuCreation/DefaultAssets/Textures/Square.png using Guid(48e93eef0688c4a259cb0eddcd8661f7) Importer(815301076,1909f56bfc062723c751e8b465ee728b)  -> (artifact id: '67f9d2c87602c9de665cd5edc8b46197') in 0.009889 seconds
  Import took 0.012406 seconds .

========================================================================
Received Import Request.
  Time since last request: 0.000109 seconds.
  path: Packages/com.unity.collab-proxy/Editor/PlasticSCM/Assets/Images/step2@2x.png
  artifactKey: Guid(0029170d14ce6c04c9f45c22cdae5559) Importer(815301076,1909f56bfc062723c751e8b465ee728b)
Start importing Packages/com.unity.collab-proxy/Editor/PlasticSCM/Assets/Images/step2@2x.png using Guid(0029170d14ce6c04c9f45c22cdae5559) Importer(815301076,1909f56bfc062723c751e8b465ee728b)  -> (artifact id: '48ddec4897356309ecbfa1bcf8aec110') in 0.007571 seconds
  Import took 0.010157 seconds .

========================================================================
Received Import Request.
  Time since last request: 0.000122 seconds.
  path: Packages/com.unity.2d.spriteshape/Editor/ObjectMenuCreation/DefaultAssets/Sprite Shapes/SpriteShapeEdge.png
  artifactKey: Guid(0ae2b74b1edd14bb18dd7b65ae916a54) Importer(815301076,1909f56bfc062723c751e8b465ee728b)
Start importing Packages/com.unity.2d.spriteshape/Editor/ObjectMenuCreation/DefaultAssets/Sprite Shapes/SpriteShapeEdge.png using Guid(0ae2b74b1edd14bb18dd7b65ae916a54) Importer(815301076,1909f56bfc062723c751e8b465ee728b)  -> (artifact id: 'd0a0a6bac8b0ef1cbcd7454e1ebfdb51') in 0.009371 seconds
  Import took 0.011900 seconds .

========================================================================
Received Import Request.
  Time since last request: 0.000106 seconds.
  path: Packages/com.unity.2d.sprite/Editor/ObjectMenuCreation/DefaultAssets/Textures/SquareWithBorder.png
  artifactKey: Guid(db750325989564987a34393247d883b4) Importer(815301076,1909f56bfc062723c751e8b465ee728b)
Start importing Packages/com.unity.2d.sprite/Editor/ObjectMenuCreation/DefaultAssets/Textures/SquareWithBorder.png using Guid(db750325989564987a34393247d883b4) Importer(815301076,1909f56bfc062723c751e8b465ee728b)  -> (artifact id: 'f6609b4886f6a7b5e886870c4517a228') in 0.009699 seconds
  Import took 0.012216 seconds .

========================================================================
Received Import Request.
  Time since last request: 0.000115 seconds.
  path: Packages/com.unity.2d.spriteshape/Editor/Handles/ss_leftrange.png
  artifactKey: Guid(9417efc47083f4a1598c1966a6345cdb) Importer(815301076,1909f56bfc062723c751e8b465ee728b)
Start importing Packages/com.unity.2d.spriteshape/Editor/Handles/ss_leftrange.png using Guid(9417efc47083f4a1598c1966a6345cdb) Importer(815301076,1909f56bfc062723c751e8b465ee728b)  -> (artifact id: 'cac329b1e98816bb3dfd99145a4b9e57') in 0.007398 seconds
  Import took 0.009954 seconds .

========================================================================
Received Import Request.
  Time since last request: 0.000119 seconds.
  path: Packages/com.unity.collab-proxy/Editor/PlasticSCM/Assets/Images/step1@2x.png
  artifactKey: Guid(affeade9874cf2347abb155e8d0db4d8) Importer(815301076,1909f56bfc062723c751e8b465ee728b)
Start importing Packages/com.unity.collab-proxy/Editor/PlasticSCM/Assets/Images/step1@2x.png using Guid(affeade9874cf2347abb155e8d0db4d8) Importer(815301076,1909f56bfc062723c751e8b465ee728b)  -> (artifact id: '3a81352c8f49eefb8fa487481a3dfb25') in 0.008268 seconds
  Import took 0.010925 seconds .

========================================================================
Received Import Request.
  Time since last request: 0.000118 seconds.
  path: Packages/com.unity.collab-proxy/Editor/PlasticSCM/Assets/Images/step1.png
  artifactKey: Guid(9ce84ff0fdeb13d4a83f077d075dd9a5) Importer(815301076,1909f56bfc062723c751e8b465ee728b)
Start importing Packages/com.unity.collab-proxy/Editor/PlasticSCM/Assets/Images/step1.png using Guid(9ce84ff0fdeb13d4a83f077d075dd9a5) Importer(815301076,1909f56bfc062723c751e8b465ee728b)  -> (artifact id: '6b3b000b79ebf6c6bbbe657b790dffe6') in 0.008391 seconds
  Import took 0.010716 seconds .

========================================================================
Received Import Request.
  Time since last request: 0.000125 seconds.
  path: Packages/com.unity.2d.spriteshape/Editor/Handles/ss_rightrange.png
  artifactKey: Guid(ee5df01235032491c8b180741ea820fe) Importer(815301076,1909f56bfc062723c751e8b465ee728b)
Start importing Packages/com.unity.2d.spriteshape/Editor/Handles/ss_rightrange.png using Guid(ee5df01235032491c8b180741ea820fe) Importer(815301076,1909f56bfc062723c751e8b465ee728b)  -> (artifact id: 'f3d4c6837c59948a358d303503c69709') in 0.007670 seconds
  Import took 0.009969 seconds .

========================================================================
Received Import Request.
  Time since last request: 0.000104 seconds.
  path: Packages/com.unity.2d.animation/Editor/Assets/SkinningModule/Icons/Selected/Sprite_Mode@2x.png
  artifactKey: Guid(ff2aa9ebc8aee604caa5f8459ac4ae43) Importer(815301076,1909f56bfc062723c751e8b465ee728b)
Start importing Packages/com.unity.2d.animation/Editor/Assets/SkinningModule/Icons/Selected/Sprite_Mode@2x.png using Guid(ff2aa9ebc8aee604caa5f8459ac4ae43) Importer(815301076,1909f56bfc062723c751e8b465ee728b)  -> (artifact id: 'e5ab5769035345639ad6c3e61643e860') in 0.007050 seconds
  Import took 0.009525 seconds .

========================================================================
Received Import Request.
  Time since last request: 0.405404 seconds.
  path: Packages/com.unity.2d.spriteshape/Editor/ObjectMenuCreation/DefaultAssets/Textures/Sprite Shape Fill.png
  artifactKey: Guid(b281b91a70a624a0da1c43adc1c30c7b) Importer(815301076,1909f56bfc062723c751e8b465ee728b)
Start importing Packages/com.unity.2d.spriteshape/Editor/ObjectMenuCreation/DefaultAssets/Textures/Sprite Shape Fill.png using Guid(b281b91a70a624a0da1c43adc1c30c7b) Importer(815301076,1909f56bfc062723c751e8b465ee728b)  -> (artifact id: '76feae810168a0f633a50a1de7e77f73') in 0.014166 seconds
  Import took 0.017266 seconds .

========================================================================
Received Import Request.
  Time since last request: 0.000140 seconds.
  path: Packages/com.unity.2d.animation/Editor/Assets/SkinningModule/Icons/Light/Sprite_Mode.png
  artifactKey: Guid(2ad84ec7182471b4d8c44de568e22df4) Importer(815301076,1909f56bfc062723c751e8b465ee728b)
Start importing Packages/com.unity.2d.animation/Editor/Assets/SkinningModule/Icons/Light/Sprite_Mode.png using Guid(2ad84ec7182471b4d8c44de568e22df4) Importer(815301076,1909f56bfc062723c751e8b465ee728b)  -> (artifact id: '371fd6c0c7761288413dd969b9cb2125') in 0.009130 seconds
  Import took 0.011761 seconds .

========================================================================
Received Import Request.
  Time since last request: 0.000128 seconds.
  path: Packages/com.unity.2d.animation/Editor/Assets/SkinningModule/Icons/Selected/Sprite_Mode.png
  artifactKey: Guid(ca778bc7303b24948abf3e907abbf2a0) Importer(815301076,1909f56bfc062723c751e8b465ee728b)
Start importing Packages/com.unity.2d.animation/Editor/Assets/SkinningModule/Icons/Selected/Sprite_Mode.png using Guid(ca778bc7303b24948abf3e907abbf2a0) Importer(815301076,1909f56bfc062723c751e8b465ee728b)  -> (artifact id: '2d3c670e9326929567c3cd4a20507890') in 0.006741 seconds
  Import took 0.009193 seconds .

========================================================================
Received Import Request.
  Time since last request: 0.013072 seconds.
  path: Packages/com.unity.2d.animation/Editor/Assets/SkinningModule/Icons/Light/Split_Edge@4x.png
  artifactKey: Guid(21d43e7114c758c49886cb9fc604dd66) Importer(815301076,1909f56bfc062723c751e8b465ee728b)
Start importing Packages/com.unity.2d.animation/Editor/Assets/SkinningModule/Icons/Light/Split_Edge@4x.png using Guid(21d43e7114c758c49886cb9fc604dd66) Importer(815301076,1909f56bfc062723c751e8b465ee728b)  -> (artifact id: '22eb18d2f92cc0e8e1ed3de7b76925f8') in 0.010470 seconds
  Import took 0.013506 seconds .

========================================================================
Received Import Request.
  Time since last request: 0.000127 seconds.
  path: Packages/com.unity.2d.spriteshape/Editor/ObjectMenuCreation/DefaultAssets/Textures/Sprite Shape Corner.png
  artifactKey: Guid(608e61deb05c54660bebf5a4dd2ee02d) Importer(815301076,1909f56bfc062723c751e8b465ee728b)
Start importing Packages/com.unity.2d.spriteshape/Editor/ObjectMenuCreation/DefaultAssets/Textures/Sprite Shape Corner.png using Guid(608e61deb05c54660bebf5a4dd2ee02d) Importer(815301076,1909f56bfc062723c751e8b465ee728b)  -> (artifact id: '01a2ebbeec389b8a61a10cc1cb240c03') in 0.008574 seconds
  Import took 0.010845 seconds .

========================================================================
Received Import Request.
  Time since last request: 0.000120 seconds.
  path: Packages/com.unity.2d.animation/Editor/Assets/SkinningModule/Icons/Selected/Split_Edge@4x.png
  artifactKey: Guid(8272ea7c59da847458432e7c88bf7766) Importer(815301076,1909f56bfc062723c751e8b465ee728b)
Start importing Packages/com.unity.2d.animation/Editor/Assets/SkinningModule/Icons/Selected/Split_Edge@4x.png using Guid(8272ea7c59da847458432e7c88bf7766) Importer(815301076,1909f56bfc062723c751e8b465ee728b)  -> (artifact id: '41a645521f7c0815a19d2db4da828353') in 0.007102 seconds
  Import took 0.009644 seconds .

========================================================================
Received Import Request.
  Time since last request: 0.014990 seconds.
  path: Packages/com.unity.2d.animation/Editor/Assets/SkinningModule/Icons/Selected/Split_Edge@2x.png
  artifactKey: Guid(2f12c9758dad4e34ea8bc886f1fdb0dd) Importer(815301076,1909f56bfc062723c751e8b465ee728b)
Start importing Packages/com.unity.2d.animation/Editor/Assets/SkinningModule/Icons/Selected/Split_Edge@2x.png using Guid(2f12c9758dad4e34ea8bc886f1fdb0dd) Importer(815301076,1909f56bfc062723c751e8b465ee728b)  -> (artifact id: 'f6d40b75ffd87545c10d2ef29e3b1a7f') in 0.007937 seconds
  Import took 0.010744 seconds .

========================================================================
Received Import Request.
  Time since last request: 0.000117 seconds.
  path: Packages/com.unity.2d.animation/Editor/Assets/SkinningModule/Icons/Light/Split_Edge@3x.png
  artifactKey: Guid(4d2d8fb4fc2041441980b4ec253532b0) Importer(815301076,1909f56bfc062723c751e8b465ee728b)
Start importing Packages/com.unity.2d.animation/Editor/Assets/SkinningModule/Icons/Light/Split_Edge@3x.png using Guid(4d2d8fb4fc2041441980b4ec253532b0) Importer(815301076,1909f56bfc062723c751e8b465ee728b)  -> (artifact id: '1f11374dbd266c80f3c6f09be68e878e') in 0.007263 seconds
  Import took 0.009504 seconds .

========================================================================
Received Import Request.
  Time since last request: 0.000115 seconds.
  path: Packages/com.unity.2d.animation/Editor/Assets/SkinningModule/Icons/Selected/Split_Edge@3x.png
  artifactKey: Guid(7764b2bf79a49894e8ea10f3d661a4ed) Importer(815301076,1909f56bfc062723c751e8b465ee728b)
Start importing Packages/com.unity.2d.animation/Editor/Assets/SkinningModule/Icons/Selected/Split_Edge@3x.png using Guid(7764b2bf79a49894e8ea10f3d661a4ed) Importer(815301076,1909f56bfc062723c751e8b465ee728b)  -> (artifact id: '92e208eb53b0d80c2d8b8065e7dc0c4d') in 0.009051 seconds
  Import took 0.011810 seconds .

========================================================================
Received Import Request.
  Time since last request: 11.637018 seconds.
  path: Assets/Image/61fd8fd587e102281703167f41f56fb9--mario-and-luigi.jpg
  artifactKey: Guid(0d8461d06e1b30c429f44e06b10d0165) Importer(815301076,1909f56bfc062723c751e8b465ee728b)
Start importing Assets/Image/61fd8fd587e102281703167f41f56fb9--mario-and-luigi.jpg using Guid(0d8461d06e1b30c429f44e06b10d0165) Importer(815301076,1909f56bfc062723c751e8b465ee728b)  -> (artifact id: '63ecb2c32692b181dbe5d3a7a5c8cd3e') in 0.012818 seconds
  Import took 0.015701 seconds .

========================================================================
Received Import Request.
  Time since last request: 3.928502 seconds.
  path: Assets/Image/61fd8fd587e102281703167f41f56fb9--mario-and-luigi.jpg
  artifactKey: Guid(0d8461d06e1b30c429f44e06b10d0165) Importer(815301076,1909f56bfc062723c751e8b465ee728b)
Start importing Assets/Image/61fd8fd587e102281703167f41f56fb9--mario-and-luigi.jpg using Guid(0d8461d06e1b30c429f44e06b10d0165) Importer(815301076,1909f56bfc062723c751e8b465ee728b)  -> (artifact id: 'f6df7742f916e97497e674838367699c') in 0.009241 seconds
  Import took 0.012221 seconds .

========================================================================
Received Import Request.
  Time since last request: 3.646283 seconds.
  path: Assets/Image/61fd8fd587e102281703167f41f56fb9--mario-and-luigi.jpg
  artifactKey: Guid(0d8461d06e1b30c429f44e06b10d0165) Importer(815301076,1909f56bfc062723c751e8b465ee728b)
Start importing Assets/Image/61fd8fd587e102281703167f41f56fb9--mario-and-luigi.jpg using Guid(0d8461d06e1b30c429f44e06b10d0165) Importer(815301076,1909f56bfc062723c751e8b465ee728b)  -> (artifact id: '82bad9d94797f6e62274d5e715896fb8') in 0.008871 seconds
  Import took 0.011860 seconds .

========================================================================
Received Import Request.
  Time since last request: 62.013110 seconds.
  path: Assets/Image/41nh3X+huxL._AC_.jpg
  artifactKey: Guid(9fb3a908f5d29a84d902e721efa923ee) Importer(815301076,1909f56bfc062723c751e8b465ee728b)
Start importing Assets/Image/41nh3X+huxL._AC_.jpg using Guid(9fb3a908f5d29a84d902e721efa923ee) Importer(815301076,1909f56bfc062723c751e8b465ee728b)  -> (artifact id: '926c0c5af67f13dd782f7fe795260417') in 0.011832 seconds
  Import took 0.014915 seconds .

========================================================================
Received Import Request.
  Time since last request: 0.000524 seconds.
  path: Assets/Image/41nh3X+huxL._AC_.jpg
  artifactKey: Guid(9fb3a908f5d29a84d902e721efa923ee) Importer(815301076,1909f56bfc062723c751e8b465ee728b)
Start importing Assets/Image/41nh3X+huxL._AC_.jpg using Guid(9fb3a908f5d29a84d902e721efa923ee) Importer(815301076,1909f56bfc062723c751e8b465ee728b)  -> (artifact id: '926c0c5af67f13dd782f7fe795260417') in 0.012687 seconds
  Import took 0.015288 seconds .

========================================================================
Received Import Request.
  Time since last request: 12.917236 seconds.
  path: Assets/Image/41nh3X+huxL._AC_.jpg
  artifactKey: Guid(9fb3a908f5d29a84d902e721efa923ee) Importer(815301076,1909f56bfc062723c751e8b465ee728b)
Start importing Assets/Image/41nh3X+huxL._AC_.jpg using Guid(9fb3a908f5d29a84d902e721efa923ee) Importer(815301076,1909f56bfc062723c751e8b465ee728b)  -> (artifact id: '6b90d609bfb9845b9ff3c9a0d3615d54') in 0.008813 seconds
  Import took 0.012014 seconds .

========================================================================
Received Import Request.
  Time since last request: 3.109152 seconds.
  path: Assets/Image/61fd8fd587e102281703167f41f56fb9--mario-and-luigi.jpg
  artifactKey: Guid(0d8461d06e1b30c429f44e06b10d0165) Importer(815301076,1909f56bfc062723c751e8b465ee728b)
Start importing Assets/Image/61fd8fd587e102281703167f41f56fb9--mario-and-luigi.jpg using Guid(0d8461d06e1b30c429f44e06b10d0165) Importer(815301076,1909f56bfc062723c751e8b465ee728b)  -> (artifact id: '83e988dca14b6a6fbdcf5b4fabb4d313') in 0.008712 seconds
  Import took 0.012023 seconds .

========================================================================
Received Import Request.
  Time since last request: 4.170238 seconds.
  path: Assets/Image/Mario.jpg
  artifactKey: Guid(0d8461d06e1b30c429f44e06b10d0165) Importer(815301076,1909f56bfc062723c751e8b465ee728b)
Start importing Assets/Image/Mario.jpg using Guid(0d8461d06e1b30c429f44e06b10d0165) Importer(815301076,1909f56bfc062723c751e8b465ee728b)  -> (artifact id: '57f804048879b64d0b32e460a760d2f0') in 0.008725 seconds
  Import took 0.011820 seconds .

========================================================================
Received Import Request.
  Time since last request: 0.000848 seconds.
  path: Assets/Image/Mario.jpg
  artifactKey: Guid(0d8461d06e1b30c429f44e06b10d0165) Importer(815301076,1909f56bfc062723c751e8b465ee728b)
Start importing Assets/Image/Mario.jpg using Guid(0d8461d06e1b30c429f44e06b10d0165) Importer(815301076,1909f56bfc062723c751e8b465ee728b)  -> (artifact id: '57f804048879b64d0b32e460a760d2f0') in 0.008387 seconds
  Import took 0.011050 seconds .

========================================================================
Received Import Request.
  Time since last request: 380.448475 seconds.
  path: Assets/Image/FireFlower.png
  artifactKey: Guid(0533beaf3707c624abf6531a1f2d6ce5) Importer(815301076,1909f56bfc062723c751e8b465ee728b)
Start importing Assets/Image/FireFlower.png using Guid(0533beaf3707c624abf6531a1f2d6ce5) Importer(815301076,1909f56bfc062723c751e8b465ee728b)  -> (artifact id: 'ed6a472ee96002f738c781c1e40e636d') in 0.010997 seconds
  Import took 0.014723 seconds .

========================================================================
Received Import Request.
  Time since last request: 0.000121 seconds.
  path: Assets/Image/Mariosmb3.png
  artifactKey: Guid(f895d2bb207ae324e80355ce3f01a5f1) Importer(815301076,1909f56bfc062723c751e8b465ee728b)
Start importing Assets/Image/Mariosmb3.png using Guid(f895d2bb207ae324e80355ce3f01a5f1) Importer(815301076,1909f56bfc062723c751e8b465ee728b)  -> (artifact id: 'db96e7bb8ce7108d7635bd246092e2d3') in 0.012508 seconds
  Import took 0.015044 seconds .

========================================================================
Received Import Request.
  Time since last request: 0.000123 seconds.
  path: Assets/Image/SuperMushroom.png
  artifactKey: Guid(978f0db9ff776644194b58c161e8bde2) Importer(815301076,1909f56bfc062723c751e8b465ee728b)
Start importing Assets/Image/SuperMushroom.png using Guid(978f0db9ff776644194b58c161e8bde2) Importer(815301076,1909f56bfc062723c751e8b465ee728b)  -> (artifact id: 'b1f6f6fdcc7eaa697258f4f5115ef9ad') in 0.010912 seconds
  Import took 0.013504 seconds .

========================================================================
Received Import Request.
  Time since last request: 0.000144 seconds.
  path: Assets/Image/Mariosmb3.png
  artifactKey: Guid(f895d2bb207ae324e80355ce3f01a5f1) Importer(815301076,1909f56bfc062723c751e8b465ee728b)
Start importing Assets/Image/Mariosmb3.png using Guid(f895d2bb207ae324e80355ce3f01a5f1) Importer(815301076,1909f56bfc062723c751e8b465ee728b)  -> (artifact id: 'db96e7bb8ce7108d7635bd246092e2d3') in 0.007964 seconds
  Import took 0.010735 seconds .

========================================================================
Received Import Request.
  Time since last request: 0.000109 seconds.
  path: Assets/Image/Star.PNG.png
  artifactKey: Guid(31face71cf1b55c4990ccfbf8e00373c) Importer(815301076,1909f56bfc062723c751e8b465ee728b)
Start importing Assets/Image/Star.PNG.png using Guid(31face71cf1b55c4990ccfbf8e00373c) Importer(815301076,1909f56bfc062723c751e8b465ee728b)  -> (artifact id: 'df16b986fb3288279199922e3ae0cd23') in 0.009789 seconds
  Import took 0.012242 seconds .

========================================================================
Received Import Request.
  Time since last request: 0.000111 seconds.
  path: Assets/Image/super_mario__fire_mario_2d_by_joshuat1306_dc6ibcy-fullview 1.png
  artifactKey: Guid(0759f25e9df987444b844d70d922ca16) Importer(815301076,1909f56bfc062723c751e8b465ee728b)
Start importing Assets/Image/super_mario__fire_mario_2d_by_joshuat1306_dc6ibcy-fullview 1.png using Guid(0759f25e9df987444b844d70d922ca16) Importer(815301076,1909f56bfc062723c751e8b465ee728b)  -> (artifact id: '28ec30aba527b95cb554bd5ea83c2cd7') in 0.008625 seconds
  Import took 0.010929 seconds .

========================================================================
Received Import Request.
  Time since last request: 196.503314 seconds.
  path: Assets/Image/Mariosmb3.png
  artifactKey: Guid(f895d2bb207ae324e80355ce3f01a5f1) Importer(815301076,1909f56bfc062723c751e8b465ee728b)
Start importing Assets/Image/Mariosmb3.png using Guid(f895d2bb207ae324e80355ce3f01a5f1) Importer(815301076,1909f56bfc062723c751e8b465ee728b)  -> (artifact id: '8a09a849c5473210069f3fd7ec627e5d') in 0.008617 seconds
  Import took 0.011877 seconds .

========================================================================
Received Import Request.
  Time since last request: 29.317879 seconds.
  path: Assets/Image/Mariosmb3.png
  artifactKey: Guid(f895d2bb207ae324e80355ce3f01a5f1) Importer(815301076,1909f56bfc062723c751e8b465ee728b)
Start importing Assets/Image/Mariosmb3.png using Guid(f895d2bb207ae324e80355ce3f01a5f1) Importer(815301076,1909f56bfc062723c751e8b465ee728b)  -> (artifact id: 'f2aee3fd34beb67209156bd4f16e902f') in 0.011407 seconds
  Import took 0.014785 seconds .

========================================================================
Received Prepare
Registering precompiled user dll's ...
Registered in 0.005497 seconds.
Begin MonoManager ReloadAssembly
Native extension for WindowsStandalone target not found
Refreshing native plugins compatible for Editor in 0.45 ms, found 3 plugins.
Preloading 0 native plugins for Editor in 0.00 ms.
Mono: successfully reloaded assembly
- Completed reload, in  0.703 seconds
Platform modules already initialized, skipping
Refreshing native plugins compatible for Editor in 0.41 ms, found 3 plugins.
Preloading 0 native plugins for Editor in 0.00 ms.
Unloading 2081 Unused Serialized files (Serialized files now loaded: 0)
System memory in use before: 96.0 MB.
System memory in use after: 96.0 MB.

Unloading 21 unused Assets to reduce memory usage. Loaded Objects now: 2575.
Total: 2.118400 ms (FindLiveObjects: 0.182000 ms CreateObjectMapping: 0.057900 ms MarkObjects: 1.805100 ms  DeleteObjects: 0.072700 ms)

========================================================================
Received Prepare
Registering precompiled user dll's ...
Registered in 0.005759 seconds.
Begin MonoManager ReloadAssembly
Native extension for WindowsStandalone target not found
Refreshing native plugins compatible for Editor in 0.47 ms, found 3 plugins.
Preloading 0 native plugins for Editor in 0.00 ms.
Mono: successfully reloaded assembly
- Completed reload, in  0.704 seconds
Platform modules already initialized, skipping
Refreshing native plugins compatible for Editor in 0.42 ms, found 3 plugins.
Preloading 0 native plugins for Editor in 0.00 ms.
Unloading 2081 Unused Serialized files (Serialized files now loaded: 0)
System memory in use before: 96.0 MB.
System memory in use after: 96.0 MB.

Unloading 21 unused Assets to reduce memory usage. Loaded Objects now: 2579.
Total: 2.239700 ms (FindLiveObjects: 0.200500 ms CreateObjectMapping: 0.072300 ms MarkObjects: 1.876000 ms  DeleteObjects: 0.089700 ms)

========================================================================
Received Prepare
Registering precompiled user dll's ...
Registered in 0.005882 seconds.
Begin MonoManager ReloadAssembly
Native extension for WindowsStandalone target not found
Refreshing native plugins compatible for Editor in 0.46 ms, found 3 plugins.
Preloading 0 native plugins for Editor in 0.00 ms.
Mono: successfully reloaded assembly
- Completed reload, in  0.703 seconds
Platform modules already initialized, skipping
Refreshing native plugins compatible for Editor in 0.48 ms, found 3 plugins.
Preloading 0 native plugins for Editor in 0.00 ms.
Unloading 2081 Unused Serialized files (Serialized files now loaded: 0)
System memory in use before: 96.0 MB.
System memory in use after: 96.0 MB.

Unloading 21 unused Assets to reduce memory usage. Loaded Objects now: 2583.
Total: 2.484900 ms (FindLiveObjects: 0.187400 ms CreateObjectMapping: 0.058500 ms MarkObjects: 2.148700 ms  DeleteObjects: 0.089700 ms)

========================================================================
Received Prepare
Registering precompiled user dll's ...
Registered in 0.004947 seconds.
Begin MonoManager ReloadAssembly
Native extension for WindowsStandalone target not found
Refreshing native plugins compatible for Editor in 0.46 ms, found 3 plugins.
Preloading 0 native plugins for Editor in 0.00 ms.
Mono: successfully reloaded assembly
- Completed reload, in  0.726 seconds
Platform modules already initialized, skipping
Refreshing native plugins compatible for Editor in 0.44 ms, found 3 plugins.
Preloading 0 native plugins for Editor in 0.00 ms.
Unloading 2081 Unused Serialized files (Serialized files now loaded: 0)
System memory in use before: 96.1 MB.
System memory in use after: 96.1 MB.

Unloading 21 unused Assets to reduce memory usage. Loaded Objects now: 2587.
Total: 2.096700 ms (FindLiveObjects: 0.180100 ms CreateObjectMapping: 0.055300 ms MarkObjects: 1.774500 ms  DeleteObjects: 0.086200 ms)

========================================================================
Received Prepare
Registering precompiled user dll's ...
Registered in 0.005101 seconds.
Begin MonoManager ReloadAssembly
Native extension for WindowsStandalone target not found
Refreshing native plugins compatible for Editor in 0.46 ms, found 3 plugins.
Preloading 0 native plugins for Editor in 0.00 ms.
Mono: successfully reloaded assembly
- Completed reload, in  0.705 seconds
Platform modules already initialized, skipping
Refreshing native plugins compatible for Editor in 0.41 ms, found 3 plugins.
Preloading 0 native plugins for Editor in 0.00 ms.
Unloading 2081 Unused Serialized files (Serialized files now loaded: 0)
System memory in use before: 96.1 MB.
System memory in use after: 96.1 MB.

Unloading 21 unused Assets to reduce memory usage. Loaded Objects now: 2591.
Total: 2.087900 ms (FindLiveObjects: 0.186200 ms CreateObjectMapping: 0.063500 ms MarkObjects: 1.767300 ms  DeleteObjects: 0.070100 ms)

========================================================================
Received Prepare
Registering precompiled user dll's ...
Registered in 0.005700 seconds.
Begin MonoManager ReloadAssembly
Native extension for WindowsStandalone target not found
Refreshing native plugins compatible for Editor in 0.47 ms, found 3 plugins.
Preloading 0 native plugins for Editor in 0.00 ms.
Mono: successfully reloaded assembly
- Completed reload, in  0.720 seconds
Platform modules already initialized, skipping
Refreshing native plugins compatible for Editor in 0.43 ms, found 3 plugins.
Preloading 0 native plugins for Editor in 0.00 ms.
Unloading 2081 Unused Serialized files (Serialized files now loaded: 0)
System memory in use before: 96.1 MB.
System memory in use after: 96.1 MB.

Unloading 21 unused Assets to reduce memory usage. Loaded Objects now: 2595.
Total: 2.102700 ms (FindLiveObjects: 0.176200 ms CreateObjectMapping: 0.056500 ms MarkObjects: 1.785100 ms  DeleteObjects: 0.084200 ms)

========================================================================
Received Import Request.
  Time since last request: 1306.279622 seconds.
  path: Assets/PowerUp.cs
  artifactKey: Guid(a8a143ff3d6ceed4c99eff5ebd66cac6) Importer(815301076,1909f56bfc062723c751e8b465ee728b)
Start importing Assets/PowerUp.cs using Guid(a8a143ff3d6ceed4c99eff5ebd66cac6) Importer(815301076,1909f56bfc062723c751e8b465ee728b)  -> (artifact id: 'beec6b2437a0789323551d57fee860aa') in 0.008632 seconds
  Import took 0.012070 seconds .

========================================================================
Received Prepare
Registering precompiled user dll's ...
Registered in 0.005169 seconds.
Begin MonoManager ReloadAssembly
Native extension for WindowsStandalone target not found
Refreshing native plugins compatible for Editor in 0.47 ms, found 3 plugins.
Preloading 0 native plugins for Editor in 0.00 ms.
Mono: successfully reloaded assembly
- Completed reload, in  0.703 seconds
Platform modules already initialized, skipping
Refreshing native plugins compatible for Editor in 0.37 ms, found 3 plugins.
Preloading 0 native plugins for Editor in 0.00 ms.
Unloading 2082 Unused Serialized files (Serialized files now loaded: 0)
System memory in use before: 96.1 MB.
System memory in use after: 96.1 MB.

Unloading 21 unused Assets to reduce memory usage. Loaded Objects now: 2600.
Total: 2.143200 ms (FindLiveObjects: 0.170400 ms CreateObjectMapping: 0.053400 ms MarkObjects: 1.838000 ms  DeleteObjects: 0.080700 ms)

========================================================================
Received Prepare
Registering precompiled user dll's ...
Registered in 0.005600 seconds.
Begin MonoManager ReloadAssembly
Native extension for WindowsStandalone target not found
Refreshing native plugins compatible for Editor in 0.47 ms, found 3 plugins.
Preloading 0 native plugins for Editor in 0.00 ms.
Mono: successfully reloaded assembly
- Completed reload, in  0.703 seconds
Platform modules already initialized, skipping
Refreshing native plugins compatible for Editor in 0.41 ms, found 3 plugins.
Preloading 0 native plugins for Editor in 0.00 ms.
Unloading 2082 Unused Serialized files (Serialized files now loaded: 0)
System memory in use before: 96.1 MB.
System memory in use after: 96.1 MB.

Unloading 21 unused Assets to reduce memory usage. Loaded Objects now: 2604.
Total: 2.060200 ms (FindLiveObjects: 0.182900 ms CreateObjectMapping: 0.108100 ms MarkObjects: 1.693400 ms  DeleteObjects: 0.075100 ms)

========================================================================
Received Import Request.
  Time since last request: 224.510388 seconds.
  path: Assets/PowerUp.cs
  artifactKey: Guid(a8a143ff3d6ceed4c99eff5ebd66cac6) Importer(815301076,1909f56bfc062723c751e8b465ee728b)
Start importing Assets/PowerUp.cs using Guid(a8a143ff3d6ceed4c99eff5ebd66cac6) Importer(815301076,1909f56bfc062723c751e8b465ee728b)  -> (artifact id: '5077d615e552bdbcd0042a78c2006459') in 0.004518 seconds
  Import took 0.012309 seconds .

========================================================================
Received Prepare
Registering precompiled user dll's ...
Registered in 0.006669 seconds.
Begin MonoManager ReloadAssembly
Native extension for WindowsStandalone target not found
Refreshing native plugins compatible for Editor in 0.55 ms, found 3 plugins.
Preloading 0 native plugins for Editor in 0.00 ms.
Mono: successfully reloaded assembly
- Completed reload, in  0.711 seconds
Platform modules already initialized, skipping
Refreshing native plugins compatible for Editor in 0.46 ms, found 3 plugins.
Preloading 0 native plugins for Editor in 0.00 ms.
Unloading 2083 Unused Serialized files (Serialized files now loaded: 0)
System memory in use before: 96.2 MB.
System memory in use after: 96.1 MB.

Unloading 21 unused Assets to reduce memory usage. Loaded Objects now: 2609.
Total: 2.263100 ms (FindLiveObjects: 0.200900 ms CreateObjectMapping: 0.064000 ms MarkObjects: 1.909200 ms  DeleteObjects: 0.088200 ms)

========================================================================
Received Import Request.
  Time since last request: 10.400469 seconds.
  path: Assets/NewBehaviourScript.cs
  artifactKey: Guid(ea679c3a12997da42b0067653c0d5cb4) Importer(815301076,1909f56bfc062723c751e8b465ee728b)
Start importing Assets/NewBehaviourScript.cs using Guid(ea679c3a12997da42b0067653c0d5cb4) Importer(815301076,1909f56bfc062723c751e8b465ee728b)  -> (artifact id: 'dd5dd1f35dd1b25166589418305ffdf5') in 0.005420 seconds
  Import took 0.007797 seconds .

========================================================================
Received Prepare
Registering precompiled user dll's ...
Registered in 0.005613 seconds.
Begin MonoManager ReloadAssembly
Native extension for WindowsStandalone target not found
Refreshing native plugins compatible for Editor in 0.65 ms, found 3 plugins.
Preloading 0 native plugins for Editor in 0.00 ms.
Mono: successfully reloaded assembly
- Completed reload, in  0.747 seconds
Platform modules already initialized, skipping
Refreshing native plugins compatible for Editor in 0.44 ms, found 3 plugins.
Preloading 0 native plugins for Editor in 0.00 ms.
Unloading 2082 Unused Serialized files (Serialized files now loaded: 0)
System memory in use before: 96.2 MB.
System memory in use after: 96.1 MB.

Unloading 22 unused Assets to reduce memory usage. Loaded Objects now: 2612.
Total: 2.131800 ms (FindLiveObjects: 0.190700 ms CreateObjectMapping: 0.061200 ms MarkObjects: 1.800400 ms  DeleteObjects: 0.078700 ms)

========================================================================
Received Import Request.
  Time since last request: 102.405656 seconds.
  path: Assets/New Folder
  artifactKey: Guid(afe3e23408a780145af8ae7503896ca3) Importer(815301076,1909f56bfc062723c751e8b465ee728b)
Start importing Assets/New Folder using Guid(afe3e23408a780145af8ae7503896ca3) Importer(815301076,1909f56bfc062723c751e8b465ee728b)  -> (artifact id: '6465b37b921674550ef32d62d39a583e') in 0.005969 seconds
  Import took 0.009145 seconds .

========================================================================
Received Import Request.
  Time since last request: 9.372107 seconds.
  path: Assets/Hongo.cs
  artifactKey: Guid(fb508f1f2d79fe8439c2cdd7ed4f0b76) Importer(815301076,1909f56bfc062723c751e8b465ee728b)
Start importing Assets/Hongo.cs using Guid(fb508f1f2d79fe8439c2cdd7ed4f0b76) Importer(815301076,1909f56bfc062723c751e8b465ee728b)  -> (artifact id: 'c2c3c30e0d2f74c6d0363587a70325c2') in 0.003644 seconds
  Import took 0.007272 seconds .

========================================================================
Received Prepare
Registering precompiled user dll's ...
Registered in 0.005724 seconds.
Begin MonoManager ReloadAssembly
Native extension for WindowsStandalone target not found
Refreshing native plugins compatible for Editor in 0.48 ms, found 3 plugins.
Preloading 0 native plugins for Editor in 0.00 ms.
Mono: successfully reloaded assembly
- Completed reload, in  0.728 seconds
Platform modules already initialized, skipping
Refreshing native plugins compatible for Editor in 0.45 ms, found 3 plugins.
Preloading 0 native plugins for Editor in 0.00 ms.
Unloading 2083 Unused Serialized files (Serialized files now loaded: 0)
System memory in use before: 96.2 MB.
System memory in use after: 96.2 MB.

Unloading 21 unused Assets to reduce memory usage. Loaded Objects now: 2617.
Total: 2.200900 ms (FindLiveObjects: 0.206300 ms CreateObjectMapping: 0.062400 ms MarkObjects: 1.839800 ms  DeleteObjects: 0.091600 ms)

========================================================================
Received Prepare
Registering precompiled user dll's ...
Registered in 0.005644 seconds.
Begin MonoManager ReloadAssembly
Native extension for WindowsStandalone target not found
Refreshing native plugins compatible for Editor in 0.50 ms, found 3 plugins.
Preloading 0 native plugins for Editor in 0.00 ms.
Mono: successfully reloaded assembly
- Completed reload, in  0.709 seconds
Platform modules already initialized, skipping
Refreshing native plugins compatible for Editor in 0.42 ms, found 3 plugins.
Preloading 0 native plugins for Editor in 0.00 ms.
Unloading 2083 Unused Serialized files (Serialized files now loaded: 0)
System memory in use before: 96.2 MB.
System memory in use after: 96.2 MB.

Unloading 21 unused Assets to reduce memory usage. Loaded Objects now: 2621.
Total: 2.146700 ms (FindLiveObjects: 0.209400 ms CreateObjectMapping: 0.090400 ms MarkObjects: 1.749700 ms  DeleteObjects: 0.093800 ms)

========================================================================
Received Import Request.
  Time since last request: 116.850737 seconds.
  path: Assets/Hongo.cs
  artifactKey: Guid(fb508f1f2d79fe8439c2cdd7ed4f0b76) Importer(815301076,1909f56bfc062723c751e8b465ee728b)
Start importing Assets/Hongo.cs using Guid(fb508f1f2d79fe8439c2cdd7ed4f0b76) Importer(815301076,1909f56bfc062723c751e8b465ee728b)  -> (artifact id: '3916c0c87d17538b17b713a638c7a782') in 0.005280 seconds
  Import took 0.007681 seconds .

========================================================================
Received Prepare
Registering precompiled user dll's ...
Registered in 0.005856 seconds.
Begin MonoManager ReloadAssembly
Native extension for WindowsStandalone target not found
Refreshing native plugins compatible for Editor in 0.47 ms, found 3 plugins.
Preloading 0 native plugins for Editor in 0.00 ms.
Mono: successfully reloaded assembly
- Completed reload, in  0.698 seconds
Platform modules already initialized, skipping
Refreshing native plugins compatible for Editor in 0.42 ms, found 3 plugins.
Preloading 0 native plugins for Editor in 0.00 ms.
Unloading 2083 Unused Serialized files (Serialized files now loaded: 0)
System memory in use before: 96.2 MB.
System memory in use after: 96.2 MB.

Unloading 21 unused Assets to reduce memory usage. Loaded Objects now: 2625.
Total: 2.177100 ms (FindLiveObjects: 0.194100 ms CreateObjectMapping: 0.065600 ms MarkObjects: 1.834500 ms  DeleteObjects: 0.082200 ms)

========================================================================
Received Prepare
Registering precompiled user dll's ...
Registered in 0.005800 seconds.
Begin MonoManager ReloadAssembly
Native extension for WindowsStandalone target not found
Refreshing native plugins compatible for Editor in 0.48 ms, found 3 plugins.
Preloading 0 native plugins for Editor in 0.00 ms.
Mono: successfully reloaded assembly
- Completed reload, in  0.685 seconds
Platform modules already initialized, skipping
Refreshing native plugins compatible for Editor in 0.43 ms, found 3 plugins.
Preloading 0 native plugins for Editor in 0.00 ms.
Unloading 2083 Unused Serialized files (Serialized files now loaded: 0)
System memory in use before: 96.2 MB.
System memory in use after: 96.2 MB.

Unloading 21 unused Assets to reduce memory usage. Loaded Objects now: 2629.
Total: 2.126200 ms (FindLiveObjects: 0.194800 ms CreateObjectMapping: 0.064700 ms MarkObjects: 1.782300 ms  DeleteObjects: 0.083700 ms)

========================================================================
Received Prepare
Registering precompiled user dll's ...
Registered in 0.006208 seconds.
Begin MonoManager ReloadAssembly
Native extension for WindowsStandalone target not found
Refreshing native plugins compatible for Editor in 0.48 ms, found 3 plugins.
Preloading 0 native plugins for Editor in 0.00 ms.
Mono: successfully reloaded assembly
- Completed reload, in  0.712 seconds
Platform modules already initialized, skipping
Refreshing native plugins compatible for Editor in 0.43 ms, found 3 plugins.
Preloading 0 native plugins for Editor in 0.00 ms.
Unloading 2083 Unused Serialized files (Serialized files now loaded: 0)
System memory in use before: 96.2 MB.
System memory in use after: 96.2 MB.

Unloading 21 unused Assets to reduce memory usage. Loaded Objects now: 2633.
Total: 2.194600 ms (FindLiveObjects: 0.206700 ms CreateObjectMapping: 0.071300 ms MarkObjects: 1.829600 ms  DeleteObjects: 0.086200 ms)

========================================================================
Received Import Request.
  Time since last request: 320.061042 seconds.
  path: Assets/Flor.cs
  artifactKey: Guid(d087b445f31eb444d937a5bea32d2daa) Importer(815301076,1909f56bfc062723c751e8b465ee728b)
Start importing Assets/Flor.cs using Guid(d087b445f31eb444d937a5bea32d2daa) Importer(815301076,1909f56bfc062723c751e8b465ee728b)  -> (artifact id: '31bc865e7b5191d83211c046681b03c3') in 0.006062 seconds
  Import took 0.009725 seconds .

========================================================================
Received Prepare
Registering precompiled user dll's ...
Registered in 0.005564 seconds.
Begin MonoManager ReloadAssembly
Native extension for WindowsStandalone target not found
Refreshing native plugins compatible for Editor in 0.48 ms, found 3 plugins.
Preloading 0 native plugins for Editor in 0.00 ms.
Mono: successfully reloaded assembly
- Completed reload, in  0.722 seconds
Platform modules already initialized, skipping
Refreshing native plugins compatible for Editor in 0.43 ms, found 3 plugins.
Preloading 0 native plugins for Editor in 0.00 ms.
Unloading 2084 Unused Serialized files (Serialized files now loaded: 0)
System memory in use before: 96.3 MB.
System memory in use after: 96.2 MB.

Unloading 21 unused Assets to reduce memory usage. Loaded Objects now: 2638.
Total: 1.914300 ms (FindLiveObjects: 0.174000 ms CreateObjectMapping: 0.058200 ms MarkObjects: 1.600200 ms  DeleteObjects: 0.081300 ms)

========================================================================
Received Prepare
Registering precompiled user dll's ...
Registered in 0.005585 seconds.
Begin MonoManager ReloadAssembly
Native extension for WindowsStandalone target not found
Refreshing native plugins compatible for Editor in 0.46 ms, found 3 plugins.
Preloading 0 native plugins for Editor in 0.00 ms.
Mono: successfully reloaded assembly
- Completed reload, in  0.682 seconds
Platform modules already initialized, skipping
Refreshing native plugins compatible for Editor in 0.41 ms, found 3 plugins.
Preloading 0 native plugins for Editor in 0.00 ms.
Unloading 2084 Unused Serialized files (Serialized files now loaded: 0)
System memory in use before: 96.3 MB.
System memory in use after: 96.2 MB.

Unloading 21 unused Assets to reduce memory usage. Loaded Objects now: 2642.
Total: 2.114200 ms (FindLiveObjects: 0.191700 ms CreateObjectMapping: 0.062600 ms MarkObjects: 1.790600 ms  DeleteObjects: 0.068500 ms)

========================================================================
Received Import Request.
  Time since last request: 642.679153 seconds.
  path: Assets/Flor.cs
  artifactKey: Guid(d087b445f31eb444d937a5bea32d2daa) Importer(815301076,1909f56bfc062723c751e8b465ee728b)
Start importing Assets/Flor.cs using Guid(d087b445f31eb444d937a5bea32d2daa) Importer(815301076,1909f56bfc062723c751e8b465ee728b)  -> (artifact id: '8338634b7f2c8c0b088e37e03c001077') in 0.004652 seconds
  Import took 0.007080 seconds .

========================================================================
Received Prepare
Registering precompiled user dll's ...
Registered in 0.005648 seconds.
Begin MonoManager ReloadAssembly
Native extension for WindowsStandalone target not found
Refreshing native plugins compatible for Editor in 0.48 ms, found 3 plugins.
Preloading 0 native plugins for Editor in 0.00 ms.
Mono: successfully reloaded assembly
- Completed reload, in  0.707 seconds
Platform modules already initialized, skipping
Refreshing native plugins compatible for Editor in 0.40 ms, found 3 plugins.
Preloading 0 native plugins for Editor in 0.00 ms.
Unloading 2084 Unused Serialized files (Serialized files now loaded: 0)
System memory in use before: 96.3 MB.
System memory in use after: 96.3 MB.

Unloading 21 unused Assets to reduce memory usage. Loaded Objects now: 2646.
Total: 1.990700 ms (FindLiveObjects: 0.181700 ms CreateObjectMapping: 0.060600 ms MarkObjects: 1.680600 ms  DeleteObjects: 0.067000 ms)

========================================================================
Received Prepare
Registering precompiled user dll's ...
Registered in 0.005399 seconds.
Begin MonoManager ReloadAssembly
Native extension for WindowsStandalone target not found
Refreshing native plugins compatible for Editor in 0.47 ms, found 3 plugins.
Preloading 0 native plugins for Editor in 0.00 ms.
Mono: successfully reloaded assembly
- Completed reload, in  0.705 seconds
Platform modules already initialized, skipping
Refreshing native plugins compatible for Editor in 0.47 ms, found 3 plugins.
Preloading 0 native plugins for Editor in 0.00 ms.
Unloading 2084 Unused Serialized files (Serialized files now loaded: 0)
System memory in use before: 96.3 MB.
System memory in use after: 96.3 MB.

Unloading 21 unused Assets to reduce memory usage. Loaded Objects now: 2650.
Total: 2.096400 ms (FindLiveObjects: 0.184700 ms CreateObjectMapping: 0.042100 ms MarkObjects: 1.774200 ms  DeleteObjects: 0.094400 ms)

========================================================================
Received Prepare
Registering precompiled user dll's ...
Registered in 0.005828 seconds.
Begin MonoManager ReloadAssembly
Native extension for WindowsStandalone target not found
Refreshing native plugins compatible for Editor in 0.49 ms, found 3 plugins.
Preloading 0 native plugins for Editor in 0.00 ms.
Mono: successfully reloaded assembly
- Completed reload, in  0.711 seconds
Platform modules already initialized, skipping
Refreshing native plugins compatible for Editor in 0.41 ms, found 3 plugins.
Preloading 0 native plugins for Editor in 0.00 ms.
Unloading 2084 Unused Serialized files (Serialized files now loaded: 0)
System memory in use before: 96.3 MB.
System memory in use after: 96.3 MB.

Unloading 21 unused Assets to reduce memory usage. Loaded Objects now: 2654.
Total: 2.097100 ms (FindLiveObjects: 0.200600 ms CreateObjectMapping: 0.079000 ms MarkObjects: 1.735700 ms  DeleteObjects: 0.081100 ms)

========================================================================
Received Prepare
Registering precompiled user dll's ...
Registered in 0.004998 seconds.
Begin MonoManager ReloadAssembly
Native extension for WindowsStandalone target not found
Refreshing native plugins compatible for Editor in 0.46 ms, found 3 plugins.
Preloading 0 native plugins for Editor in 0.00 ms.
Mono: successfully reloaded assembly
- Completed reload, in  0.702 seconds
Platform modules already initialized, skipping
Refreshing native plugins compatible for Editor in 0.45 ms, found 3 plugins.
Preloading 0 native plugins for Editor in 0.00 ms.
Unloading 2084 Unused Serialized files (Serialized files now loaded: 0)
System memory in use before: 96.3 MB.
System memory in use after: 96.3 MB.

Unloading 21 unused Assets to reduce memory usage. Loaded Objects now: 2658.
Total: 2.160900 ms (FindLiveObjects: 0.215200 ms CreateObjectMapping: 0.094700 ms MarkObjects: 1.773000 ms  DeleteObjects: 0.077400 ms)

========================================================================
Received Prepare
Registering precompiled user dll's ...
Registered in 0.005339 seconds.
Begin MonoManager ReloadAssembly
Native extension for WindowsStandalone target not found
Refreshing native plugins compatible for Editor in 0.46 ms, found 3 plugins.
Preloading 0 native plugins for Editor in 0.00 ms.
Mono: successfully reloaded assembly
- Completed reload, in  0.703 seconds
Platform modules already initialized, skipping
Refreshing native plugins compatible for Editor in 0.50 ms, found 3 plugins.
Preloading 0 native plugins for Editor in 0.00 ms.
Unloading 2084 Unused Serialized files (Serialized files now loaded: 0)
System memory in use before: 96.3 MB.
System memory in use after: 96.3 MB.

Unloading 21 unused Assets to reduce memory usage. Loaded Objects now: 2662.
Total: 2.428100 ms (FindLiveObjects: 0.192700 ms CreateObjectMapping: 0.057400 ms MarkObjects: 2.086500 ms  DeleteObjects: 0.090700 ms)

========================================================================
Received Import Request.
  Time since last request: 354.758730 seconds.
  path: Assets/Estrella.cs
  artifactKey: Guid(b81fa7b2ab9e98d418eb1d44167594fd) Importer(815301076,1909f56bfc062723c751e8b465ee728b)
Start importing Assets/Estrella.cs using Guid(b81fa7b2ab9e98d418eb1d44167594fd) Importer(815301076,1909f56bfc062723c751e8b465ee728b)  -> (artifact id: '230dc36d75b93322b92b03fae6bc9bf3') in 0.005740 seconds
  Import took 0.008791 seconds .

========================================================================
Received Prepare
Registering precompiled user dll's ...
Registered in 0.005380 seconds.
Begin MonoManager ReloadAssembly
Native extension for WindowsStandalone target not found
Refreshing native plugins compatible for Editor in 0.47 ms, found 3 plugins.
Preloading 0 native plugins for Editor in 0.00 ms.
Mono: successfully reloaded assembly
- Completed reload, in  0.701 seconds
Platform modules already initialized, skipping
Refreshing native plugins compatible for Editor in 0.43 ms, found 3 plugins.
Preloading 0 native plugins for Editor in 0.00 ms.
Unloading 2085 Unused Serialized files (Serialized files now loaded: 0)
System memory in use before: 96.3 MB.
System memory in use after: 96.3 MB.

Unloading 21 unused Assets to reduce memory usage. Loaded Objects now: 2667.
Total: 2.115600 ms (FindLiveObjects: 0.198000 ms CreateObjectMapping: 0.064800 ms MarkObjects: 1.776900 ms  DeleteObjects: 0.075100 ms)

========================================================================
Received Prepare
Registering precompiled user dll's ...
Registered in 0.005584 seconds.
Begin MonoManager ReloadAssembly
Native extension for WindowsStandalone target not found
Refreshing native plugins compatible for Editor in 0.58 ms, found 3 plugins.
Preloading 0 native plugins for Editor in 0.00 ms.
Mono: successfully reloaded assembly
- Completed reload, in  0.697 seconds
Platform modules already initialized, skipping
Refreshing native plugins compatible for Editor in 0.45 ms, found 3 plugins.
Preloading 0 native plugins for Editor in 0.00 ms.
Unloading 2085 Unused Serialized files (Serialized files now loaded: 0)
System memory in use before: 96.3 MB.
System memory in use after: 96.3 MB.

Unloading 21 unused Assets to reduce memory usage. Loaded Objects now: 2671.
Total: 3.018200 ms (FindLiveObjects: 0.192000 ms CreateObjectMapping: 0.061700 ms MarkObjects: 2.667800 ms  DeleteObjects: 0.095700 ms)

========================================================================
Received Prepare
Registering precompiled user dll's ...
Registered in 0.005244 seconds.
Begin MonoManager ReloadAssembly
Native extension for WindowsStandalone target not found
Refreshing native plugins compatible for Editor in 0.49 ms, found 3 plugins.
Preloading 0 native plugins for Editor in 0.00 ms.
Mono: successfully reloaded assembly
- Completed reload, in  0.686 seconds
Platform modules already initialized, skipping
Refreshing native plugins compatible for Editor in 0.42 ms, found 3 plugins.
Preloading 0 native plugins for Editor in 0.00 ms.
Unloading 2085 Unused Serialized files (Serialized files now loaded: 0)
System memory in use before: 96.4 MB.
System memory in use after: 96.3 MB.

Unloading 21 unused Assets to reduce memory usage. Loaded Objects now: 2675.
Total: 2.037400 ms (FindLiveObjects: 0.192900 ms CreateObjectMapping: 0.063000 ms MarkObjects: 1.708800 ms  DeleteObjects: 0.071700 ms)

========================================================================
Received Import Request.
  Time since last request: 101.854693 seconds.
  path: Assets/Estrella.cs
  artifactKey: Guid(b81fa7b2ab9e98d418eb1d44167594fd) Importer(815301076,1909f56bfc062723c751e8b465ee728b)
Start importing Assets/Estrella.cs using Guid(b81fa7b2ab9e98d418eb1d44167594fd) Importer(815301076,1909f56bfc062723c751e8b465ee728b)  -> (artifact id: 'bdded350642950eb5285f321d4fdd359') in 0.004639 seconds
  Import took 0.012536 seconds .

========================================================================
Received Prepare
Registering precompiled user dll's ...
Registered in 0.005694 seconds.
Begin MonoManager ReloadAssembly
Native extension for WindowsStandalone target not found
Refreshing native plugins compatible for Editor in 0.46 ms, found 3 plugins.
Preloading 0 native plugins for Editor in 0.00 ms.
Mono: successfully reloaded assembly
- Completed reload, in  0.716 seconds
Platform modules already initialized, skipping
Refreshing native plugins compatible for Editor in 0.41 ms, found 3 plugins.
Preloading 0 native plugins for Editor in 0.00 ms.
Unloading 2085 Unused Serialized files (Serialized files now loaded: 0)
System memory in use before: 96.4 MB.
System memory in use after: 96.3 MB.

Unloading 21 unused Assets to reduce memory usage. Loaded Objects now: 2679.
Total: 2.423600 ms (FindLiveObjects: 0.244900 ms CreateObjectMapping: 0.086600 ms MarkObjects: 2.006900 ms  DeleteObjects: 0.084000 ms)

========================================================================
Received Prepare
Registering precompiled user dll's ...
Registered in 0.005400 seconds.
Begin MonoManager ReloadAssembly
Native extension for WindowsStandalone target not found
Refreshing native plugins compatible for Editor in 0.47 ms, found 3 plugins.
Preloading 0 native plugins for Editor in 0.00 ms.
Mono: successfully reloaded assembly
- Completed reload, in  0.690 seconds
Platform modules already initialized, skipping
Refreshing native plugins compatible for Editor in 0.44 ms, found 3 plugins.
Preloading 0 native plugins for Editor in 0.00 ms.
Unloading 2085 Unused Serialized files (Serialized files now loaded: 0)
System memory in use before: 96.4 MB.
System memory in use after: 96.4 MB.

Unloading 21 unused Assets to reduce memory usage. Loaded Objects now: 2683.
Total: 2.030300 ms (FindLiveObjects: 0.192900 ms CreateObjectMapping: 0.041800 ms MarkObjects: 1.722900 ms  DeleteObjects: 0.072200 ms)

========================================================================
Received Prepare
Registering precompiled user dll's ...
Registered in 0.005428 seconds.
Begin MonoManager ReloadAssembly
Native extension for WindowsStandalone target not found
Refreshing native plugins compatible for Editor in 0.47 ms, found 3 plugins.
Preloading 0 native plugins for Editor in 0.00 ms.
Mono: successfully reloaded assembly
- Completed reload, in  0.704 seconds
Platform modules already initialized, skipping
Refreshing native plugins compatible for Editor in 0.42 ms, found 3 plugins.
Preloading 0 native plugins for Editor in 0.00 ms.
Unloading 2085 Unused Serialized files (Serialized files now loaded: 0)
System memory in use before: 96.4 MB.
System memory in use after: 96.4 MB.

Unloading 21 unused Assets to reduce memory usage. Loaded Objects now: 2687.
Total: 2.373800 ms (FindLiveObjects: 0.192300 ms CreateObjectMapping: 0.065500 ms MarkObjects: 2.039700 ms  DeleteObjects: 0.075300 ms)

========================================================================
Received Prepare
Registering precompiled user dll's ...
Registered in 0.005488 seconds.
Begin MonoManager ReloadAssembly
Native extension for WindowsStandalone target not found
Refreshing native plugins compatible for Editor in 0.46 ms, found 3 plugins.
Preloading 0 native plugins for Editor in 0.00 ms.
Mono: successfully reloaded assembly
- Completed reload, in  0.709 seconds
Platform modules already initialized, skipping
Refreshing native plugins compatible for Editor in 0.40 ms, found 3 plugins.
Preloading 0 native plugins for Editor in 0.00 ms.
Unloading 2085 Unused Serialized files (Serialized files now loaded: 0)
System memory in use before: 96.4 MB.
System memory in use after: 96.4 MB.

Unloading 21 unused Assets to reduce memory usage. Loaded Objects now: 2691.
Total: 2.108600 ms (FindLiveObjects: 0.191300 ms CreateObjectMapping: 0.061500 ms MarkObjects: 1.787300 ms  DeleteObjects: 0.067800 ms)

========================================================================
Received Prepare
Registering precompiled user dll's ...
Registered in 0.005619 seconds.
Begin MonoManager ReloadAssembly
Native extension for WindowsStandalone target not found
Refreshing native plugins compatible for Editor in 0.47 ms, found 3 plugins.
Preloading 0 native plugins for Editor in 0.00 ms.
Mono: successfully reloaded assembly
- Completed reload, in  0.701 seconds
Platform modules already initialized, skipping
Refreshing native plugins compatible for Editor in 0.43 ms, found 3 plugins.
Preloading 0 native plugins for Editor in 0.00 ms.
Unloading 2085 Unused Serialized files (Serialized files now loaded: 0)
System memory in use before: 96.4 MB.
System memory in use after: 96.4 MB.

Unloading 21 unused Assets to reduce memory usage. Loaded Objects now: 2695.
Total: 2.155400 ms (FindLiveObjects: 0.205800 ms CreateObjectMapping: 0.064200 ms MarkObjects: 1.809400 ms  DeleteObjects: 0.075200 ms)

========================================================================
Received Prepare
Registering precompiled user dll's ...
Registered in 0.005801 seconds.
Begin MonoManager ReloadAssembly
Native extension for WindowsStandalone target not found
Refreshing native plugins compatible for Editor in 0.46 ms, found 3 plugins.
Preloading 0 native plugins for Editor in 0.00 ms.
Mono: successfully reloaded assembly
- Completed reload, in  0.730 seconds
Platform modules already initialized, skipping
Refreshing native plugins compatible for Editor in 0.42 ms, found 3 plugins.
Preloading 0 native plugins for Editor in 0.00 ms.
Unloading 2085 Unused Serialized files (Serialized files now loaded: 0)
System memory in use before: 96.4 MB.
System memory in use after: 96.4 MB.

Unloading 21 unused Assets to reduce memory usage. Loaded Objects now: 2699.
Total: 2.091500 ms (FindLiveObjects: 0.185700 ms CreateObjectMapping: 0.056800 ms MarkObjects: 1.776000 ms  DeleteObjects: 0.072400 ms)

========================================================================
Received Prepare
Registering precompiled user dll's ...
Registered in 0.008554 seconds.
Begin MonoManager ReloadAssembly
Native extension for WindowsStandalone target not found
Refreshing native plugins compatible for Editor in 0.47 ms, found 3 plugins.
Preloading 0 native plugins for Editor in 0.00 ms.
Mono: successfully reloaded assembly
- Completed reload, in  0.717 seconds
Platform modules already initialized, skipping
Refreshing native plugins compatible for Editor in 0.42 ms, found 3 plugins.
Preloading 0 native plugins for Editor in 0.00 ms.
Unloading 2085 Unused Serialized files (Serialized files now loaded: 0)
System memory in use before: 96.4 MB.
System memory in use after: 96.4 MB.

Unloading 21 unused Assets to reduce memory usage. Loaded Objects now: 2703.
Total: 2.180600 ms (FindLiveObjects: 0.197300 ms CreateObjectMapping: 0.062800 ms MarkObjects: 1.846900 ms  DeleteObjects: 0.073000 ms)

========================================================================
Received Prepare
Registering precompiled user dll's ...
Registered in 0.006008 seconds.
Begin MonoManager ReloadAssembly
Native extension for WindowsStandalone target not found
Refreshing native plugins compatible for Editor in 0.53 ms, found 3 plugins.
Preloading 0 native plugins for Editor in 0.00 ms.
Mono: successfully reloaded assembly
- Completed reload, in  0.765 seconds
Platform modules already initialized, skipping
Refreshing native plugins compatible for Editor in 0.46 ms, found 3 plugins.
Preloading 0 native plugins for Editor in 0.00 ms.
Unloading 2085 Unused Serialized files (Serialized files now loaded: 0)
System memory in use before: 96.5 MB.
System memory in use after: 96.5 MB.

Unloading 21 unused Assets to reduce memory usage. Loaded Objects now: 2707.
Total: 2.503300 ms (FindLiveObjects: 0.274100 ms CreateObjectMapping: 0.068100 ms MarkObjects: 2.075700 ms  DeleteObjects: 0.084600 ms)

========================================================================
Received Import Request.
  Time since last request: 511.972946 seconds.
  path: Assets/Scenes/Mario.unity
  artifactKey: Guid(1697db69a02b7aa4c9385836feaaf434) Importer(815301076,1909f56bfc062723c751e8b465ee728b)
Start importing Assets/Scenes/Mario.unity using Guid(1697db69a02b7aa4c9385836feaaf434) Importer(815301076,1909f56bfc062723c751e8b465ee728b)  -> (artifact id: 'e1b0dde835a14e248a369f96218ca956') in 0.018251 seconds
  Import took 0.026653 seconds .

AssetImportWorkerClient::OnTransportError - code=2 error=End of file
